2022-01-15 23:11:12,231  INFO [main] carSavaari:14 - URL Opened
2022-01-15 23:11:13,703  INFO [main] carSavaari:14 - Page opend with title Book Outstation Cabs, Local & Airport Taxi Service - India's Leading Car Rentals
2022-01-15 23:11:14,814  INFO [main] carSavaari:14 - button is clicked in page button
2022-01-15 23:11:15,725  INFO [main] carSavaari:14 - name is clicked in page id
2022-01-15 23:11:16,574  INFO [main] carSavaari:14 - name is send in page id
2022-01-15 23:11:17,448  INFO [main] carSavaari:14 - pass is clicked in page pwd
2022-01-15 23:11:18,033  INFO [main] carSavaari:14 - pass is send in page pwd
2022-01-15 23:11:18,822  INFO [main] carSavaari:14 - click is clicked in page login
2022-01-15 23:11:19,772  INFO [main] carSavaari:14 - Successfully logged in
2022-01-15 23:11:20,806  INFO [main] carSavaari:14 - playstore is clicked in page playstore
2022-01-15 23:11:26,390  INFO [main] carSavaari:14 - playsrore detail shown 
2022-01-15 23:11:27,190  INFO [main] carSavaari:14 - home page is clicked in page home page
2022-01-15 23:11:28,239  INFO [main] carSavaari:14 - from place is clicked in page from
2022-01-15 23:11:28,938  INFO [main] carSavaari:14 - place is send in page from
2022-01-15 23:11:29,911  INFO [main] carSavaari:14 - place is clicked in page to
2022-01-15 23:11:30,775  INFO [main] carSavaari:14 - place is send in page to
2022-01-15 23:11:31,679  INFO [main] carSavaari:14 - place is clicked in page to
2022-01-15 23:11:32,893  INFO [main] carSavaari:14 - selected is clicked in page select
2022-01-15 23:11:33,181  INFO [main] carSavaari:14 - Successfully verified
2022-01-15 23:11:34,466  INFO [main] carSavaari:14 - home page is clicked in page home page
2022-01-15 23:11:37,470  INFO [main] carSavaari:14 - airport is clicked in page airport
2022-01-15 23:11:38,731  INFO [main] carSavaari:14 - dropaddress is clicked in page address
2022-01-15 23:11:39,541  INFO [main] carSavaari:14 - dropaddress is send in page address
2022-01-15 23:11:40,736  INFO [main] carSavaari:14 - dropaddress is clicked in page address
2022-01-15 23:11:41,988  INFO [main] carSavaari:14 - selected is clicked in page select
2022-01-15 23:11:44,945  INFO [main] carSavaari:14 - select car is clicked in page select
2022-01-15 23:11:45,581  INFO [main] carSavaari:14 - booking detail shown 
2022-01-15 23:11:46,450  INFO [main] carSavaari:14 - home page is clicked in page home page
2022-01-15 23:11:49,646  INFO [main] carSavaari:14 - outstation is clicked is clicked in page outstation is clicked
2022-01-15 23:11:50,563  INFO [main] carSavaari:14 - round is clicked in page round
2022-01-15 23:11:51,619  INFO [main] carSavaari:14 - selected is clicked in page select
2022-01-15 23:11:54,480  INFO [main] carSavaari:14 - select car is clicked in page select
2022-01-15 23:11:55,212  INFO [main] carSavaari:14 - booking detail shown 
2022-01-15 23:11:56,105  INFO [main] carSavaari:14 - home page is clicked in page home page
2022-01-15 23:11:57,178  INFO [main] carSavaari:14 - local is clicked in page local
2022-01-15 23:11:58,152  INFO [main] carSavaari:14 - selected is clicked in page select
2022-01-15 23:12:01,031  INFO [main] carSavaari:14 - select car is clicked in page select
2022-01-15 23:12:01,593  INFO [main] carSavaari:14 - booking detail shown 
2022-01-15 23:12:02,284  INFO [main] carSavaari:14 - home page is clicked in page home page
2022-01-15 23:12:03,350  INFO [main] carSavaari:14 - car rental is clicked in page rental
2022-01-15 23:12:06,259  INFO [main] carSavaari:14 - name is clicked in page name
2022-01-15 23:12:07,205  INFO [main] carSavaari:14 - name is send in page name
2022-01-15 23:12:08,482  INFO [main] carSavaari:14 - company name is clicked in page compname
2022-01-15 23:12:09,494  INFO [main] carSavaari:14 - company name is send in page compname
2022-01-15 23:12:10,627  INFO [main] carSavaari:14 - email is clicked in page email
2022-01-15 23:12:11,595  INFO [main] carSavaari:14 - email is send in page email
2022-01-15 23:12:12,716  INFO [main] carSavaari:14 - phone no is clicked in page phoneno
2022-01-15 23:12:13,676  INFO [main] carSavaari:14 - phone no is send in page phoneno
2022-01-15 23:12:17,003  INFO [main] carSavaari:14 - submit is clicked in page submit
2022-01-15 23:12:20,475  INFO [main] carSavaari:14 - clickbutton is clicked in page clickbutton
2022-01-15 23:12:22,352  INFO [main] carSavaari:14 - done is clicked in page done
2022-01-15 23:12:23,448  INFO [main] carSavaari:14 - insta is clicked is clicked in page insta is clicked
