2022-01-15 16:18:17,897  INFO [main] carSavaari:14 - URL Opened
2022-01-15 16:18:19,176  INFO [main] carSavaari:14 - Page opend with title Book Outstation Cabs, Local & Airport Taxi Service - India's Leading Car Rentals
2022-01-15 16:18:20,211  INFO [main] carSavaari:14 - button is clicked in page button
2022-01-15 16:18:21,084  INFO [main] carSavaari:14 - name is clicked in page id
2022-01-15 16:18:21,840  INFO [main] carSavaari:14 - name is send in page id
2022-01-15 16:18:22,653  INFO [main] carSavaari:14 - pass is clicked in page pwd
2022-01-15 16:18:23,272  INFO [main] carSavaari:14 - pass is send in page pwd
2022-01-15 16:18:24,031  INFO [main] carSavaari:14 - click is clicked in page login
2022-01-15 16:18:24,759  INFO [main] carSavaari:14 - Successfully logged in
2022-01-15 16:18:25,770  INFO [main] carSavaari:14 - playstore is clicked in page playstore
2022-01-15 16:18:31,205  INFO [main] carSavaari:14 - playsrore detail shown 
2022-01-15 16:18:31,943  INFO [main] carSavaari:14 - home page is clicked in page home page
2022-01-15 16:18:32,981  INFO [main] carSavaari:14 - from place is clicked in page from
2022-01-15 16:18:33,708  INFO [main] carSavaari:14 - place is send in page from
2022-01-15 16:18:34,645  INFO [main] carSavaari:14 - place is clicked in page to
2022-01-15 16:18:35,512  INFO [main] carSavaari:14 - place is send in page to
2022-01-15 16:18:36,509  INFO [main] carSavaari:14 - place is clicked in page to
2022-01-15 16:18:37,688  INFO [main] carSavaari:14 - selected is clicked in page select
2022-01-15 16:18:37,984  INFO [main] carSavaari:14 - Successfully verified
2022-01-15 16:18:38,477  INFO [main] carSavaari:14 - home page is clicked in page home page
2022-01-15 16:18:41,250 ERROR [main] carSavaari:21 - airport is not able clicked in page airport
2022-01-15 16:18:43,572 ERROR [main] carSavaari:21 - outstation is clicked is not able clicked in page outstation is clicked
2022-01-15 16:18:44,000 ERROR [main] carSavaari:21 - local is not able clicked in page local
2022-01-15 16:18:44,441 ERROR [main] carSavaari:21 - car rental is not able clicked in page rental
2022-01-15 16:18:44,701 ERROR [main] carSavaari:21 - local is not able clicked in page local
