2022-01-15 13:46:42,490  INFO [main] carSavaari:14 - URL Opened
2022-01-15 13:46:44,010  INFO [main] carSavaari:14 - Page opend with title Book Outstation Cabs, Local & Airport Taxi Service - India's Leading Car Rentals
2022-01-15 13:46:45,128  INFO [main] carSavaari:14 - button is clicked in page button
2022-01-15 13:46:45,986  INFO [main] carSavaari:14 - name is clicked in page id
2022-01-15 13:46:46,857  INFO [main] carSavaari:14 - name is send in page id
2022-01-15 13:46:47,699  INFO [main] carSavaari:14 - pass is clicked in page pwd
2022-01-15 13:46:48,284  INFO [main] carSavaari:14 - pass is send in page pwd
2022-01-15 13:46:49,109  INFO [main] carSavaari:14 - click is clicked in page login
2022-01-15 13:46:49,859  INFO [main] carSavaari:14 - Successfully logged in
2022-01-15 13:46:50,905  INFO [main] carSavaari:14 - playstore is clicked in page playstore
2022-01-15 13:46:56,879  INFO [main] carSavaari:14 - playsrore detail shown 
2022-01-15 13:46:57,664  INFO [main] carSavaari:14 - home page is clicked in page home page
2022-01-15 13:46:58,705  INFO [main] carSavaari:14 - from place is clicked in page from
2022-01-15 13:46:59,541  INFO [main] carSavaari:14 - place is send in page from
2022-01-15 13:47:00,469  INFO [main] carSavaari:14 - place is clicked in page to
2022-01-15 13:47:01,305  INFO [main] carSavaari:14 - place is send in page to
2022-01-15 13:47:02,199  INFO [main] carSavaari:14 - place is clicked in page to
2022-01-15 13:47:03,436  INFO [main] carSavaari:14 - selected is clicked in page select
2022-01-15 13:47:03,730  INFO [main] carSavaari:14 - Successfully verified
2022-01-15 13:47:04,230  INFO [main] carSavaari:14 - home page is clicked in page home page
2022-01-15 13:47:06,844 ERROR [main] carSavaari:21 - airport is not able clicked in page airport
2022-01-15 13:47:09,155 ERROR [main] carSavaari:21 - outstation is clicked is not able clicked in page outstation is clicked
2022-01-15 13:47:09,447 ERROR [main] carSavaari:21 - local is not able clicked in page local
2022-01-15 13:47:09,741 ERROR [main] carSavaari:21 - car rental is not able clicked in page rental
