2022-01-15 11:18:38,371  INFO [main] carSavaari:14 - URL Opened
2022-01-15 11:18:40,011  INFO [main] carSavaari:14 - Page opend with title Book Outstation Cabs, Local & Airport Taxi Service - India's Leading Car Rentals
2022-01-15 11:18:41,381  INFO [main] carSavaari:14 - button is clicked in page button
2022-01-15 11:18:42,173  INFO [main] carSavaari:14 - name is clicked in page id
2022-01-15 11:18:43,085  INFO [main] carSavaari:14 - name is send in page id
2022-01-15 11:18:43,954  INFO [main] carSavaari:14 - pass is clicked in page pwd
2022-01-15 11:18:44,567  INFO [main] carSavaari:14 - pass is send in page pwd
2022-01-15 11:18:45,417  INFO [main] carSavaari:14 - click is clicked in page login
2022-01-15 11:18:46,186  INFO [main] carSavaari:14 - Successfully logged in
2022-01-15 11:18:47,314  INFO [main] carSavaari:14 - playstore is clicked in page playstore
2022-01-15 11:18:52,887  INFO [main] carSavaari:14 - playsrore detail shown 
2022-01-15 11:18:53,712  INFO [main] carSavaari:14 - home page is clicked in page home page
2022-01-15 11:18:54,749  INFO [main] carSavaari:14 - from place is clicked in page from
2022-01-15 11:18:55,580  INFO [main] carSavaari:14 - place is send in page from
2022-01-15 11:18:56,515  INFO [main] carSavaari:14 - place is clicked in page to
2022-01-15 11:18:57,372  INFO [main] carSavaari:14 - place is send in page to
2022-01-15 11:18:58,236  INFO [main] carSavaari:14 - place is clicked in page to
2022-01-15 11:18:59,449  INFO [main] carSavaari:14 - selected is clicked in page select
2022-01-15 11:18:59,769  INFO [main] carSavaari:14 - Successfully verified
2022-01-15 11:19:00,974  INFO [main] carSavaari:14 - home page is clicked in page home page
2022-01-15 11:19:03,881  INFO [main] carSavaari:14 - airport is clicked in page airport
2022-01-15 11:19:05,293  INFO [main] carSavaari:14 - dropaddress is clicked in page address
2022-01-15 11:19:06,112  INFO [main] carSavaari:14 - dropaddress is send in page address
2022-01-15 11:19:06,834 ERROR [main] carSavaari:21 - dropaddress is not able clicked in page address
