2022-01-15 11:36:49,870  INFO [main] carSavaari:14 - URL Opened
2022-01-15 11:36:51,232  INFO [main] carSavaari:14 - Page opend with title Book Outstation Cabs, Local & Airport Taxi Service - India's Leading Car Rentals
2022-01-15 11:36:52,424  INFO [main] carSavaari:14 - button is clicked in page button
2022-01-15 11:36:53,241  INFO [main] carSavaari:14 - name is clicked in page id
2022-01-15 11:36:53,947  INFO [main] carSavaari:14 - name is send in page id
2022-01-15 11:36:54,690  INFO [main] carSavaari:14 - pass is clicked in page pwd
2022-01-15 11:36:55,297  INFO [main] carSavaari:14 - pass is send in page pwd
2022-01-15 11:36:56,068  INFO [main] carSavaari:14 - click is clicked in page login
2022-01-15 11:36:56,837  INFO [main] carSavaari:14 - Successfully logged in
2022-01-15 11:36:57,882  INFO [main] carSavaari:14 - playstore is clicked in page playstore
2022-01-15 11:37:03,379  INFO [main] carSavaari:14 - playsrore detail shown 
2022-01-15 11:37:04,203  INFO [main] carSavaari:14 - home page is clicked in page home page
2022-01-15 11:37:05,240  INFO [main] carSavaari:14 - from place is clicked in page from
2022-01-15 11:37:05,988  INFO [main] carSavaari:14 - place is send in page from
2022-01-15 11:37:06,960  INFO [main] carSavaari:14 - place is clicked in page to
2022-01-15 11:37:07,810  INFO [main] carSavaari:14 - place is send in page to
2022-01-15 11:37:08,738  INFO [main] carSavaari:14 - place is clicked in page to
2022-01-15 11:37:10,331  INFO [main] carSavaari:14 - selected is clicked in page select
2022-01-15 11:37:10,614  INFO [main] carSavaari:14 - Successfully verified
2022-01-15 11:37:11,089  INFO [main] carSavaari:14 - home page is clicked in page home page
2022-01-15 11:37:13,611 ERROR [main] carSavaari:21 - airport is not able clicked in page airport
2022-01-15 11:37:15,986 ERROR [main] carSavaari:21 - round is not able clicked in page round
