2022-01-15 23:23:14,549  INFO [main] carSavaari:14 - URL Opened
2022-01-15 23:23:16,020  INFO [main] carSavaari:14 - Page opend with title Book Outstation Cabs, Local & Airport Taxi Service - India's Leading Car Rentals
2022-01-15 23:23:17,377  INFO [main] carSavaari:14 - button is clicked in page button
2022-01-15 23:23:18,248  INFO [main] carSavaari:14 - name is clicked in page id
2022-01-15 23:23:19,154  INFO [main] carSavaari:14 - name is send in page id
2022-01-15 23:23:19,850  INFO [main] carSavaari:14 - pass is clicked in page pwd
2022-01-15 23:23:20,407  INFO [main] carSavaari:14 - pass is send in page pwd
2022-01-15 23:23:21,191  INFO [main] carSavaari:14 - click is clicked in page login
2022-01-15 23:23:21,878  INFO [main] carSavaari:14 - Successfully logged in
2022-01-15 23:23:22,928  INFO [main] carSavaari:14 - playstore is clicked in page playstore
2022-01-15 23:23:28,182  INFO [main] carSavaari:14 - playsrore detail shown 
2022-01-15 23:23:28,940  INFO [main] carSavaari:14 - home page is clicked in page home page
2022-01-15 23:23:29,955  INFO [main] carSavaari:14 - from place is clicked in page from
2022-01-15 23:23:30,628  INFO [main] carSavaari:14 - place is send in page from
2022-01-15 23:23:31,554  INFO [main] carSavaari:14 - place is clicked in page to
2022-01-15 23:23:32,755  INFO [main] carSavaari:14 - place is send in page to
2022-01-15 23:23:33,669  INFO [main] carSavaari:14 - place is clicked in page to
2022-01-15 23:23:34,867  INFO [main] carSavaari:14 - selected is clicked in page select
2022-01-15 23:23:35,217  INFO [main] carSavaari:14 - Successfully verified
2022-01-15 23:23:36,235  INFO [main] carSavaari:14 - home page is clicked in page home page
2022-01-15 23:23:39,160  INFO [main] carSavaari:14 - airport is clicked in page airport
2022-01-15 23:23:40,457  INFO [main] carSavaari:14 - dropaddress is clicked in page address
2022-01-15 23:23:41,243  INFO [main] carSavaari:14 - dropaddress is send in page address
2022-01-15 23:23:42,392  INFO [main] carSavaari:14 - dropaddress is clicked in page address
2022-01-15 23:23:43,600  INFO [main] carSavaari:14 - selected is clicked in page select
2022-01-15 23:23:46,677  INFO [main] carSavaari:14 - select car is clicked in page select
2022-01-15 23:23:47,206  INFO [main] carSavaari:14 - booking detail shown 
2022-01-15 23:23:48,010  INFO [main] carSavaari:14 - home page is clicked in page home page
2022-01-15 23:23:51,177  INFO [main] carSavaari:14 - outstation is clicked is clicked in page outstation is clicked
2022-01-15 23:23:52,075  INFO [main] carSavaari:14 - round is clicked in page round
2022-01-15 23:23:53,096  INFO [main] carSavaari:14 - selected is clicked in page select
2022-01-15 23:23:56,375  INFO [main] carSavaari:14 - select car is clicked in page select
2022-01-15 23:23:56,660  INFO [main] carSavaari:14 - booking detail shown 
2022-01-15 23:23:57,354  INFO [main] carSavaari:14 - home page is clicked in page home page
2022-01-15 23:23:58,540  INFO [main] carSavaari:14 - local is clicked in page local
2022-01-15 23:23:59,611  INFO [main] carSavaari:14 - selected is clicked in page select
2022-01-15 23:24:02,490  INFO [main] carSavaari:14 - select car is clicked in page select
2022-01-15 23:24:03,016  INFO [main] carSavaari:14 - booking detail shown 
2022-01-15 23:24:03,690  INFO [main] carSavaari:14 - home page is clicked in page home page
2022-01-15 23:24:04,683  INFO [main] carSavaari:14 - car rental is clicked in page rental
2022-01-15 23:24:07,515  INFO [main] carSavaari:14 - name is clicked in page name
2022-01-15 23:24:08,472  INFO [main] carSavaari:14 - name is send in page name
2022-01-15 23:24:09,677  INFO [main] carSavaari:14 - company name is clicked in page compname
2022-01-15 23:24:10,843  INFO [main] carSavaari:14 - company name is send in page compname
2022-01-15 23:24:12,097  INFO [main] carSavaari:14 - email is clicked in page email
2022-01-15 23:24:13,231  INFO [main] carSavaari:14 - email is send in page email
2022-01-15 23:24:14,390  INFO [main] carSavaari:14 - phone no is clicked in page phoneno
2022-01-15 23:24:15,360  INFO [main] carSavaari:14 - phone no is send in page phoneno
2022-01-15 23:24:18,674  INFO [main] carSavaari:14 - submit is clicked in page submit
2022-01-15 23:24:22,393  INFO [main] carSavaari:14 - clickbutton is clicked in page clickbutton
2022-01-15 23:24:24,174  INFO [main] carSavaari:14 - done is clicked in page done
2022-01-15 23:24:25,370  INFO [main] carSavaari:14 - insta is clicked is clicked in page insta is clicked
