2022-01-15 11:24:33,308  INFO [main] carSavaari:14 - URL Opened
2022-01-15 11:24:34,819  INFO [main] carSavaari:14 - Page opend with title Book Outstation Cabs, Local & Airport Taxi Service - India's Leading Car Rentals
2022-01-15 11:24:36,110  INFO [main] carSavaari:14 - button is clicked in page button
2022-01-15 11:24:37,029  INFO [main] carSavaari:14 - name is clicked in page id
2022-01-15 11:24:37,783  INFO [main] carSavaari:14 - name is send in page id
2022-01-15 11:24:38,592  INFO [main] carSavaari:14 - pass is clicked in page pwd
2022-01-15 11:24:39,162  INFO [main] carSavaari:14 - pass is send in page pwd
2022-01-15 11:24:39,890  INFO [main] carSavaari:14 - click is clicked in page login
2022-01-15 11:24:40,591  INFO [main] carSavaari:14 - Successfully logged in
2022-01-15 11:24:41,624  INFO [main] carSavaari:14 - playstore is clicked in page playstore
2022-01-15 11:24:46,942  INFO [main] carSavaari:14 - playsrore detail shown 
2022-01-15 11:24:47,815  INFO [main] carSavaari:14 - home page is clicked in page home page
2022-01-15 11:24:48,912  INFO [main] carSavaari:14 - from place is clicked in page from
2022-01-15 11:24:49,692  INFO [main] carSavaari:14 - place is send in page from
2022-01-15 11:24:50,680  INFO [main] carSavaari:14 - place is clicked in page to
2022-01-15 11:24:51,549  INFO [main] carSavaari:14 - place is send in page to
2022-01-15 11:24:52,439  INFO [main] carSavaari:14 - place is clicked in page to
2022-01-15 11:24:53,777  INFO [main] carSavaari:14 - selected is clicked in page select
2022-01-15 11:24:54,073  INFO [main] carSavaari:14 - Successfully verified
2022-01-15 11:24:54,618  INFO [main] carSavaari:14 - home page is clicked in page home page
2022-01-15 11:24:57,304 ERROR [main] carSavaari:21 - airport is not able clicked in page airport
