2022-01-15 16:03:43,689  INFO [main] carSavaari:14 - URL Opened
2022-01-15 16:03:45,033  INFO [main] carSavaari:14 - Page opend with title Book Outstation Cabs, Local & Airport Taxi Service - India's Leading Car Rentals
2022-01-15 16:03:46,150  INFO [main] carSavaari:14 - button is clicked in page button
2022-01-15 16:03:47,090  INFO [main] carSavaari:14 - name is clicked in page id
2022-01-15 16:03:47,791  INFO [main] carSavaari:14 - name is send in page id
2022-01-15 16:03:48,523  INFO [main] carSavaari:14 - pass is clicked in page pwd
2022-01-15 16:03:49,051  INFO [main] carSavaari:14 - pass is send in page pwd
2022-01-15 16:03:49,816  INFO [main] carSavaari:14 - click is clicked in page login
2022-01-15 16:03:50,547  INFO [main] carSavaari:14 - Successfully logged in
2022-01-15 16:03:51,646  INFO [main] carSavaari:14 - playstore is clicked in page playstore
2022-01-15 16:03:57,814  INFO [main] carSavaari:14 - playsrore detail shown 
2022-01-15 16:03:58,595  INFO [main] carSavaari:14 - home page is clicked in page home page
2022-01-15 16:03:59,724  INFO [main] carSavaari:14 - from place is clicked in page from
2022-01-15 16:04:00,565  INFO [main] carSavaari:14 - place is send in page from
2022-01-15 16:04:01,512  INFO [main] carSavaari:14 - place is clicked in page to
2022-01-15 16:04:02,327  INFO [main] carSavaari:14 - place is send in page to
2022-01-15 16:04:03,192  INFO [main] carSavaari:14 - place is clicked in page to
2022-01-15 16:04:04,424  INFO [main] carSavaari:14 - selected is clicked in page select
2022-01-15 16:04:04,825  INFO [main] carSavaari:14 - Successfully verified
2022-01-15 16:04:05,863  INFO [main] carSavaari:14 - home page is clicked in page home page
2022-01-15 16:04:08,582  INFO [main] carSavaari:14 - airport is clicked in page airport
2022-01-15 16:04:10,118  INFO [main] carSavaari:14 - dropaddress is clicked in page address
2022-01-15 16:04:10,965  INFO [main] carSavaari:14 - dropaddress is send in page address
2022-01-15 16:04:12,072  INFO [main] carSavaari:14 - dropaddress is clicked in page address
2022-01-15 16:04:13,356  INFO [main] carSavaari:14 - selected is clicked in page select
2022-01-15 16:04:16,311  INFO [main] carSavaari:14 - select car is clicked in page select
2022-01-15 16:04:16,921  INFO [main] carSavaari:14 - booking detail shown 
2022-01-15 16:04:17,672  INFO [main] carSavaari:14 - home page is clicked in page home page
2022-01-15 16:04:20,731  INFO [main] carSavaari:14 - outstation is clicked is clicked in page outstation is clicked
2022-01-15 16:04:21,799  INFO [main] carSavaari:14 - round is clicked in page round
2022-01-15 16:04:22,841  INFO [main] carSavaari:14 - selected is clicked in page select
2022-01-15 16:04:25,770  INFO [main] carSavaari:14 - select car is clicked in page select
2022-01-15 16:04:26,406  INFO [main] carSavaari:14 - booking detail shown 
2022-01-15 16:04:27,160  INFO [main] carSavaari:14 - home page is clicked in page home page
2022-01-15 16:04:28,353  INFO [main] carSavaari:14 - local is clicked in page local
2022-01-15 16:04:29,387  INFO [main] carSavaari:14 - selected is clicked in page select
2022-01-15 16:04:31,646 ERROR [main] carSavaari:21 - time is not able clicked in page time
2022-01-15 16:04:32,007 ERROR [main] carSavaari:21 - car rental is not able clicked in page rental
2022-01-15 16:04:32,333 ERROR [main] carSavaari:21 - local is not able clicked in page local
