2022-01-15 21:42:41,684  INFO [main] carSavaari:14 - URL Opened
2022-01-15 21:42:44,007  INFO [main] carSavaari:14 - Page opend with title Book Outstation Cabs, Local & Airport Taxi Service - India's Leading Car Rentals
2022-01-15 21:42:45,098  INFO [main] carSavaari:14 - button is clicked in page button
2022-01-15 21:42:45,981  INFO [main] carSavaari:14 - name is clicked in page id
2022-01-15 21:42:46,914  INFO [main] carSavaari:14 - name is send in page id
2022-01-15 21:42:47,820  INFO [main] carSavaari:14 - pass is clicked in page pwd
2022-01-15 21:42:48,411  INFO [main] carSavaari:14 - pass is send in page pwd
2022-01-15 21:42:49,320  INFO [main] carSavaari:14 - click is clicked in page login
2022-01-15 21:42:50,179  INFO [main] carSavaari:14 - Successfully logged in
2022-01-15 21:42:51,206  INFO [main] carSavaari:14 - playstore is clicked in page playstore
2022-01-15 21:42:56,859  INFO [main] carSavaari:14 - playsrore detail shown 
2022-01-15 21:42:57,783  INFO [main] carSavaari:14 - home page is clicked in page home page
2022-01-15 21:42:59,137  INFO [main] carSavaari:14 - from place is clicked in page from
2022-01-15 21:42:59,873  INFO [main] carSavaari:14 - place is send in page from
2022-01-15 21:43:00,876  INFO [main] carSavaari:14 - place is clicked in page to
2022-01-15 21:43:01,858  INFO [main] carSavaari:14 - place is send in page to
2022-01-15 21:43:02,843  INFO [main] carSavaari:14 - place is clicked in page to
2022-01-15 21:43:04,682  INFO [main] carSavaari:14 - selected is clicked in page select
2022-01-15 21:43:04,919  INFO [main] carSavaari:14 - Successfully verified
2022-01-15 21:43:05,366  INFO [main] carSavaari:14 - home page is clicked in page home page
2022-01-15 21:43:07,891 ERROR [main] carSavaari:21 - airport is not able clicked in page airport
2022-01-15 21:43:10,371 ERROR [main] carSavaari:21 - outstation is clicked is not able clicked in page outstation is clicked
2022-01-15 21:43:10,706 ERROR [main] carSavaari:21 - local is not able clicked in page local
2022-01-15 21:43:10,971 ERROR [main] carSavaari:21 - car rental is not able clicked in page rental
2022-01-15 21:43:11,278 ERROR [main] carSavaari:21 - insta is clicked is not able clicked in page insta is clicked
