2022-01-16 16:04:35,304  INFO [main] carSavaari:14 - URL Opened
2022-01-16 16:04:36,709  INFO [main] carSavaari:14 - Page opend with title Book Outstation Cabs, Local & Airport Taxi Service - India's Leading Car Rentals
2022-01-16 16:04:37,779  INFO [main] carSavaari:14 - button is clicked in page button
2022-01-16 16:04:38,539  INFO [main] carSavaari:14 - name is clicked in page id
2022-01-16 16:04:39,231  INFO [main] carSavaari:14 - name is send in page id
2022-01-16 16:04:39,978  INFO [main] carSavaari:14 - pass is clicked in page pwd
2022-01-16 16:04:40,561  INFO [main] carSavaari:14 - pass is send in page pwd
2022-01-16 16:04:41,324  INFO [main] carSavaari:14 - click is clicked in page login
2022-01-16 16:04:42,116  INFO [main] carSavaari:14 - Successfully logged in
2022-01-16 16:04:43,140  INFO [main] carSavaari:14 - playstore is clicked in page playstore
2022-01-16 16:04:48,472  INFO [main] carSavaari:14 - playsrore detail shown 
2022-01-16 16:04:49,304  INFO [main] carSavaari:14 - home page is clicked in page home page
2022-01-16 16:04:50,358  INFO [main] carSavaari:14 - from place is clicked in page from
2022-01-16 16:04:51,051  INFO [main] carSavaari:14 - place is send in page from
2022-01-16 16:04:51,972  INFO [main] carSavaari:14 - place is clicked in page to
2022-01-16 16:04:52,738  INFO [main] carSavaari:14 - place is send in page to
2022-01-16 16:04:53,704  INFO [main] carSavaari:14 - place is clicked in page to
2022-01-16 16:04:55,063  INFO [main] carSavaari:14 - selected is clicked in page select
2022-01-16 16:04:55,382  INFO [main] carSavaari:14 - Successfully verified
2022-01-16 16:04:56,557  INFO [main] carSavaari:14 - home page is clicked in page home page
2022-01-16 16:04:59,504  INFO [main] carSavaari:14 - airport is clicked in page airport
2022-01-16 16:05:00,786  INFO [main] carSavaari:14 - dropaddress is clicked in page address
2022-01-16 16:05:01,608  INFO [main] carSavaari:14 - dropaddress is send in page address
2022-01-16 16:05:03,322  INFO [main] carSavaari:14 - dropaddress is clicked in page address
2022-01-16 16:05:04,570  INFO [main] carSavaari:14 - selected is clicked in page select
2022-01-16 16:05:07,585  INFO [main] carSavaari:14 - select car is clicked in page select
2022-01-16 16:05:07,856  INFO [main] carSavaari:14 - booking detail shown 
2022-01-16 16:05:08,878  INFO [main] carSavaari:14 - home page is clicked in page home page
2022-01-16 16:05:12,091  INFO [main] carSavaari:14 - outstation is clicked is clicked in page outstation is clicked
2022-01-16 16:05:13,155  INFO [main] carSavaari:14 - round is clicked in page round
2022-01-16 16:05:14,235  INFO [main] carSavaari:14 - selected is clicked in page select
2022-01-16 16:05:17,158  INFO [main] carSavaari:14 - select car is clicked in page select
2022-01-16 16:05:17,588  INFO [main] carSavaari:14 - booking detail shown 
2022-01-16 16:05:18,400  INFO [main] carSavaari:14 - home page is clicked in page home page
2022-01-16 16:05:19,485  INFO [main] carSavaari:14 - local is clicked in page local
2022-01-16 16:05:20,577  INFO [main] carSavaari:14 - selected is clicked in page select
2022-01-16 16:05:23,660  INFO [main] carSavaari:14 - select car is clicked in page select
2022-01-16 16:05:24,220  INFO [main] carSavaari:14 - booking detail shown 
2022-01-16 16:05:24,931  INFO [main] carSavaari:14 - home page is clicked in page home page
2022-01-16 16:05:26,468  INFO [main] carSavaari:14 - car rental is clicked in page rental
2022-01-16 16:05:29,237  INFO [main] carSavaari:14 - name is clicked in page name
2022-01-16 16:05:30,331  INFO [main] carSavaari:14 - name is send in page name
2022-01-16 16:05:31,724  INFO [main] carSavaari:14 - company name is clicked in page compname
2022-01-16 16:05:32,742  INFO [main] carSavaari:14 - company name is send in page compname
2022-01-16 16:05:33,943  INFO [main] carSavaari:14 - email is clicked in page email
2022-01-16 16:05:34,927  INFO [main] carSavaari:14 - email is send in page email
2022-01-16 16:05:36,134  INFO [main] carSavaari:14 - phone no is clicked in page phoneno
2022-01-16 16:05:37,225  INFO [main] carSavaari:14 - phone no is send in page phoneno
2022-01-16 16:05:40,766  INFO [main] carSavaari:14 - submit is clicked in page submit
2022-01-16 16:05:44,794  INFO [main] carSavaari:14 - result detail shown 
2022-01-16 16:05:46,151  INFO [main] carSavaari:14 - home page is clicked in page home page
2022-01-16 16:05:46,775  INFO [main] carSavaari:14 - clickbutton is clicked in page clickbutton
2022-01-16 16:05:47,378  INFO [main] carSavaari:14 - done is clicked in page done
2022-01-16 16:05:48,112  INFO [main] carSavaari:14 - insta is clicked is clicked in page insta is clicked
2022-01-16 16:05:54,561  INFO [main] carSavaari:14 - result detail shown 
