2022-01-15 13:04:48,682  INFO [main] carSavaari:14 - URL Opened
2022-01-15 13:04:50,066  INFO [main] carSavaari:14 - Page opend with title Book Outstation Cabs, Local & Airport Taxi Service - India's Leading Car Rentals
2022-01-15 13:04:51,197  INFO [main] carSavaari:14 - button is clicked in page button
2022-01-15 13:04:52,054  INFO [main] carSavaari:14 - name is clicked in page id
2022-01-15 13:04:52,781  INFO [main] carSavaari:14 - name is send in page id
2022-01-15 13:04:53,534  INFO [main] carSavaari:14 - pass is clicked in page pwd
2022-01-15 13:04:54,122  INFO [main] carSavaari:14 - pass is send in page pwd
2022-01-15 13:04:54,875  INFO [main] carSavaari:14 - click is clicked in page login
2022-01-15 13:04:55,634  INFO [main] carSavaari:14 - Successfully logged in
2022-01-15 13:04:56,639  INFO [main] carSavaari:14 - playstore is clicked in page playstore
2022-01-15 13:05:02,021  INFO [main] carSavaari:14 - playsrore detail shown 
2022-01-15 13:05:02,828  INFO [main] carSavaari:14 - home page is clicked in page home page
2022-01-15 13:05:03,869  INFO [main] carSavaari:14 - from place is clicked in page from
2022-01-15 13:05:04,660  INFO [main] carSavaari:14 - place is send in page from
2022-01-15 13:05:05,595  INFO [main] carSavaari:14 - place is clicked in page to
2022-01-15 13:05:06,491  INFO [main] carSavaari:14 - place is send in page to
2022-01-15 13:05:07,361  INFO [main] carSavaari:14 - place is clicked in page to
2022-01-15 13:05:08,414  INFO [main] carSavaari:14 - selected is clicked in page select
2022-01-15 13:05:08,691  INFO [main] carSavaari:14 - Successfully verified
2022-01-15 13:05:09,158  INFO [main] carSavaari:14 - home page is clicked in page home page
2022-01-15 13:05:11,623 ERROR [main] carSavaari:21 - airport is not able clicked in page airport
2022-01-15 13:05:14,089 ERROR [main] carSavaari:21 - outstation is clicked is not able clicked in page outstation is clicked
2022-01-15 13:05:14,464 ERROR [main] carSavaari:21 - local is not able clicked in page local
