2022-01-15 16:19:04,855  INFO [main] carSavaari:14 - URL Opened
2022-01-15 16:19:06,318  INFO [main] carSavaari:14 - Page opend with title Book Outstation Cabs, Local & Airport Taxi Service - India's Leading Car Rentals
2022-01-15 16:19:07,510  INFO [main] carSavaari:14 - button is clicked in page button
2022-01-15 16:19:08,399  INFO [main] carSavaari:14 - name is clicked in page id
2022-01-15 16:19:09,095  INFO [main] carSavaari:14 - name is send in page id
2022-01-15 16:19:09,804  INFO [main] carSavaari:14 - pass is clicked in page pwd
2022-01-15 16:19:10,356  INFO [main] carSavaari:14 - pass is send in page pwd
2022-01-15 16:19:11,141  INFO [main] carSavaari:14 - click is clicked in page login
2022-01-15 16:19:11,855  INFO [main] carSavaari:14 - Successfully logged in
2022-01-15 16:19:12,893  INFO [main] carSavaari:14 - playstore is clicked in page playstore
2022-01-15 16:19:18,157  INFO [main] carSavaari:14 - playsrore detail shown 
2022-01-15 16:19:19,022  INFO [main] carSavaari:14 - home page is clicked in page home page
2022-01-15 16:19:20,129  INFO [main] carSavaari:14 - from place is clicked in page from
2022-01-15 16:19:20,856  INFO [main] carSavaari:14 - place is send in page from
2022-01-15 16:19:21,824  INFO [main] carSavaari:14 - place is clicked in page to
2022-01-15 16:19:22,771  INFO [main] carSavaari:14 - place is send in page to
2022-01-15 16:19:23,648  INFO [main] carSavaari:14 - place is clicked in page to
2022-01-15 16:19:24,766  INFO [main] carSavaari:14 - selected is clicked in page select
2022-01-15 16:19:25,048  INFO [main] carSavaari:14 - Successfully verified
2022-01-15 16:19:26,031  INFO [main] carSavaari:14 - home page is clicked in page home page
2022-01-15 16:19:28,893  INFO [main] carSavaari:14 - airport is clicked in page airport
2022-01-15 16:19:30,164  INFO [main] carSavaari:14 - dropaddress is clicked in page address
2022-01-15 16:19:31,021  INFO [main] carSavaari:14 - dropaddress is send in page address
2022-01-15 16:19:32,206  INFO [main] carSavaari:14 - dropaddress is clicked in page address
2022-01-15 16:19:33,379  INFO [main] carSavaari:14 - selected is clicked in page select
2022-01-15 16:19:36,283  INFO [main] carSavaari:14 - select car is clicked in page select
2022-01-15 16:19:36,920  INFO [main] carSavaari:14 - booking detail shown 
2022-01-15 16:19:37,681  INFO [main] carSavaari:14 - home page is clicked in page home page
2022-01-15 16:19:40,764  INFO [main] carSavaari:14 - outstation is clicked is clicked in page outstation is clicked
2022-01-15 16:19:41,858  INFO [main] carSavaari:14 - round is clicked in page round
2022-01-15 16:19:42,934  INFO [main] carSavaari:14 - selected is clicked in page select
2022-01-15 16:19:45,893  INFO [main] carSavaari:14 - select car is clicked in page select
2022-01-15 16:19:46,444  INFO [main] carSavaari:14 - booking detail shown 
2022-01-15 16:19:47,193  INFO [main] carSavaari:14 - home page is clicked in page home page
2022-01-15 16:19:48,341  INFO [main] carSavaari:14 - local is clicked in page local
2022-01-15 16:19:49,425  INFO [main] carSavaari:14 - selected is clicked in page select
2022-01-15 16:19:51,678 ERROR [main] carSavaari:21 - select car is not able clicked in page select
2022-01-15 16:19:52,009 ERROR [main] carSavaari:21 - car rental is not able clicked in page rental
2022-01-15 16:19:52,298 ERROR [main] carSavaari:21 - local is not able clicked in page local
