2022-01-15 22:58:03,346  INFO [main] carSavaari:14 - URL Opened
2022-01-15 22:58:04,650  INFO [main] carSavaari:14 - Page opend with title Book Outstation Cabs, Local & Airport Taxi Service - India's Leading Car Rentals
2022-01-15 22:58:05,721  INFO [main] carSavaari:14 - button is clicked in page button
2022-01-15 22:58:06,654  INFO [main] carSavaari:14 - name is clicked in page id
2022-01-15 22:58:07,359  INFO [main] carSavaari:14 - name is send in page id
2022-01-15 22:58:08,074  INFO [main] carSavaari:14 - pass is clicked in page pwd
2022-01-15 22:58:08,635  INFO [main] carSavaari:14 - pass is send in page pwd
2022-01-15 22:58:09,472  INFO [main] carSavaari:14 - click is clicked in page login
2022-01-15 22:58:10,219  INFO [main] carSavaari:14 - Successfully logged in
2022-01-15 22:58:11,251  INFO [main] carSavaari:14 - playstore is clicked in page playstore
2022-01-15 22:58:18,559  INFO [main] carSavaari:14 - playsrore detail shown 
2022-01-15 22:58:19,329  INFO [main] carSavaari:14 - home page is clicked in page home page
2022-01-15 22:58:20,420  INFO [main] carSavaari:14 - from place is clicked in page from
2022-01-15 22:58:21,062  INFO [main] carSavaari:14 - place is send in page from
2022-01-15 22:58:21,958  INFO [main] carSavaari:14 - place is clicked in page to
2022-01-15 22:58:22,792  INFO [main] carSavaari:14 - place is send in page to
2022-01-15 22:58:23,642  INFO [main] carSavaari:14 - place is clicked in page to
2022-01-15 22:58:25,207  INFO [main] carSavaari:14 - selected is clicked in page select
2022-01-15 22:58:25,477  INFO [main] carSavaari:14 - Successfully verified
2022-01-15 22:58:26,660  INFO [main] carSavaari:14 - home page is clicked in page home page
2022-01-15 22:58:29,585  INFO [main] carSavaari:14 - airport is clicked in page airport
2022-01-15 22:58:31,021  INFO [main] carSavaari:14 - dropaddress is clicked in page address
2022-01-15 22:58:31,848  INFO [main] carSavaari:14 - dropaddress is send in page address
2022-01-15 22:58:33,061  INFO [main] carSavaari:14 - dropaddress is clicked in page address
2022-01-15 22:58:34,131  INFO [main] carSavaari:14 - selected is clicked in page select
2022-01-15 22:58:37,102  INFO [main] carSavaari:14 - select car is clicked in page select
2022-01-15 22:58:37,699  INFO [main] carSavaari:14 - booking detail shown 
2022-01-15 22:58:38,575  INFO [main] carSavaari:14 - home page is clicked in page home page
2022-01-15 22:58:41,750  INFO [main] carSavaari:14 - outstation is clicked is clicked in page outstation is clicked
2022-01-15 22:58:42,774  INFO [main] carSavaari:14 - round is clicked in page round
2022-01-15 22:58:43,835  INFO [main] carSavaari:14 - selected is clicked in page select
2022-01-15 22:58:46,649  INFO [main] carSavaari:14 - select car is clicked in page select
2022-01-15 22:58:47,084  INFO [main] carSavaari:14 - booking detail shown 
2022-01-15 22:58:48,028  INFO [main] carSavaari:14 - home page is clicked in page home page
2022-01-15 22:58:49,312  INFO [main] carSavaari:14 - local is clicked in page local
2022-01-15 22:58:50,354  INFO [main] carSavaari:14 - selected is clicked in page select
2022-01-15 22:58:53,238  INFO [main] carSavaari:14 - select car is clicked in page select
2022-01-15 22:58:53,755  INFO [main] carSavaari:14 - booking detail shown 
2022-01-15 22:58:54,534  INFO [main] carSavaari:14 - home page is clicked in page home page
2022-01-15 22:58:55,640  INFO [main] carSavaari:14 - car rental is clicked in page rental
2022-01-15 22:58:58,495  INFO [main] carSavaari:14 - name is clicked in page name
2022-01-15 22:58:59,550  INFO [main] carSavaari:14 - name is send in page name
2022-01-15 22:59:00,644  INFO [main] carSavaari:14 - company name is clicked in page compname
2022-01-15 22:59:01,535  INFO [main] carSavaari:14 - company name is send in page compname
2022-01-15 22:59:02,785  INFO [main] carSavaari:14 - email is clicked in page email
2022-01-15 22:59:03,924  INFO [main] carSavaari:14 - email is send in page email
2022-01-15 22:59:05,189  INFO [main] carSavaari:14 - phone no is clicked in page phoneno
2022-01-15 22:59:06,115  INFO [main] carSavaari:14 - phone no is send in page phoneno
2022-01-15 22:59:09,549  INFO [main] carSavaari:14 - submit is clicked in page submit
2022-01-15 22:59:12,732 ERROR [main] carSavaari:21 - insta is clicked is not able clicked in page insta is clicked
2022-01-15 22:59:13,967  INFO [main] carSavaari:14 - clickbutton is clicked in page clickbutton
2022-01-15 22:59:15,747  INFO [main] carSavaari:14 - done is clicked in page done
