2022-01-15 21:43:54,118  INFO [main] carSavaari:14 - URL Opened
2022-01-15 21:43:55,440  INFO [main] carSavaari:14 - Page opend with title Book Outstation Cabs, Local & Airport Taxi Service - India's Leading Car Rentals
2022-01-15 21:43:56,487  INFO [main] carSavaari:14 - button is clicked in page button
2022-01-15 21:43:57,315  INFO [main] carSavaari:14 - name is clicked in page id
2022-01-15 21:43:58,156  INFO [main] carSavaari:14 - name is send in page id
2022-01-15 21:43:58,980  INFO [main] carSavaari:14 - pass is clicked in page pwd
2022-01-15 21:43:59,616  INFO [main] carSavaari:14 - pass is send in page pwd
2022-01-15 21:44:00,466  INFO [main] carSavaari:14 - click is clicked in page login
2022-01-15 21:44:01,208  INFO [main] carSavaari:14 - Successfully logged in
2022-01-15 21:44:02,275  INFO [main] carSavaari:14 - playstore is clicked in page playstore
2022-01-15 21:44:07,331  INFO [main] carSavaari:14 - playsrore detail shown 
2022-01-15 21:44:08,133  INFO [main] carSavaari:14 - home page is clicked in page home page
2022-01-15 21:44:09,211  INFO [main] carSavaari:14 - from place is clicked in page from
2022-01-15 21:44:09,896  INFO [main] carSavaari:14 - place is send in page from
2022-01-15 21:44:10,779  INFO [main] carSavaari:14 - place is clicked in page to
2022-01-15 21:44:11,576  INFO [main] carSavaari:14 - place is send in page to
2022-01-15 21:44:12,463  INFO [main] carSavaari:14 - place is clicked in page to
2022-01-15 21:44:14,198  INFO [main] carSavaari:14 - selected is clicked in page select
2022-01-15 21:44:14,848  INFO [main] carSavaari:14 - Successfully verified
2022-01-15 21:44:15,608  INFO [main] carSavaari:14 - home page is clicked in page home page
2022-01-15 21:44:18,450  INFO [main] carSavaari:14 - airport is clicked in page airport
2022-01-15 21:44:19,749  INFO [main] carSavaari:14 - dropaddress is clicked in page address
2022-01-15 21:44:20,661  INFO [main] carSavaari:14 - dropaddress is send in page address
2022-01-15 21:44:22,305  INFO [main] carSavaari:14 - dropaddress is clicked in page address
2022-01-15 21:44:23,522  INFO [main] carSavaari:14 - selected is clicked in page select
2022-01-15 21:44:26,509  INFO [main] carSavaari:14 - select car is clicked in page select
2022-01-15 21:44:27,071  INFO [main] carSavaari:14 - booking detail shown 
2022-01-15 21:44:27,884  INFO [main] carSavaari:14 - home page is clicked in page home page
2022-01-15 21:44:31,046  INFO [main] carSavaari:14 - outstation is clicked is clicked in page outstation is clicked
2022-01-15 21:44:32,109  INFO [main] carSavaari:14 - round is clicked in page round
2022-01-15 21:44:33,198  INFO [main] carSavaari:14 - selected is clicked in page select
2022-01-15 21:44:36,620  INFO [main] carSavaari:14 - select car is clicked in page select
2022-01-15 21:44:36,898  INFO [main] carSavaari:14 - booking detail shown 
2022-01-15 21:44:37,804  INFO [main] carSavaari:14 - home page is clicked in page home page
2022-01-15 21:44:38,814  INFO [main] carSavaari:14 - local is clicked in page local
2022-01-15 21:44:39,791  INFO [main] carSavaari:14 - selected is clicked in page select
2022-01-15 21:44:42,631  INFO [main] carSavaari:14 - select car is clicked in page select
2022-01-15 21:44:43,163  INFO [main] carSavaari:14 - booking detail shown 
2022-01-15 21:44:43,991  INFO [main] carSavaari:14 - home page is clicked in page home page
2022-01-15 21:44:44,997  INFO [main] carSavaari:14 - car rental is clicked in page rental
2022-01-15 21:44:47,909  INFO [main] carSavaari:14 - name is clicked in page name
2022-01-15 21:44:49,107  INFO [main] carSavaari:14 - name is send in page name
2022-01-15 21:44:50,552  INFO [main] carSavaari:14 - company name is clicked in page compname
2022-01-15 21:44:51,470  INFO [main] carSavaari:14 - company name is send in page compname
2022-01-15 21:44:53,010  INFO [main] carSavaari:14 - email is clicked in page email
2022-01-15 21:44:54,397  INFO [main] carSavaari:14 - email is send in page email
2022-01-15 21:44:55,569  INFO [main] carSavaari:14 - phone no is clicked in page phoneno
2022-01-15 21:44:56,927  INFO [main] carSavaari:14 - phone no is send in page phoneno
2022-01-15 21:44:58,441  INFO [main] carSavaari:14 - submit is clicked in page submit
2022-01-15 21:44:59,820 ERROR [main] carSavaari:21 - insta is clicked is not able clicked in page insta is clicked
