2022-01-16 11:07:58,871  INFO [main] carSavaari:14 - URL Opened
2022-01-16 11:08:00,475  INFO [main] carSavaari:14 - Page opend with title Book Outstation Cabs, Local & Airport Taxi Service - India's Leading Car Rentals
2022-01-16 11:08:01,772  INFO [main] carSavaari:14 - button is clicked in page button
2022-01-16 11:08:02,691  INFO [main] carSavaari:14 - name is clicked in page id
2022-01-16 11:08:03,490  INFO [main] carSavaari:14 - name is send in page id
2022-01-16 11:08:04,220  INFO [main] carSavaari:14 - pass is clicked in page pwd
2022-01-16 11:08:04,792  INFO [main] carSavaari:14 - pass is send in page pwd
2022-01-16 11:08:05,611  INFO [main] carSavaari:14 - click is clicked in page login
2022-01-16 11:08:06,356  INFO [main] carSavaari:14 - Successfully logged in
2022-01-16 11:08:07,372  INFO [main] carSavaari:14 - playstore is clicked in page playstore
2022-01-16 11:08:12,434  INFO [main] carSavaari:14 - playsrore detail shown 
2022-01-16 11:08:13,275  INFO [main] carSavaari:14 - home page is clicked in page home page
2022-01-16 11:08:14,368  INFO [main] carSavaari:14 - from place is clicked in page from
2022-01-16 11:08:15,097  INFO [main] carSavaari:14 - place is send in page from
2022-01-16 11:08:16,030  INFO [main] carSavaari:14 - place is clicked in page to
2022-01-16 11:08:16,850  INFO [main] carSavaari:14 - place is send in page to
2022-01-16 11:08:17,774  INFO [main] carSavaari:14 - place is clicked in page to
2022-01-16 11:08:19,069  INFO [main] carSavaari:14 - selected is clicked in page select
2022-01-16 11:08:19,354  INFO [main] carSavaari:14 - Successfully verified
2022-01-16 11:08:20,674  INFO [main] carSavaari:14 - home page is clicked in page home page
2022-01-16 11:08:23,579  INFO [main] carSavaari:14 - airport is clicked in page airport
2022-01-16 11:08:24,806  INFO [main] carSavaari:14 - dropaddress is clicked in page address
2022-01-16 11:08:25,616  INFO [main] carSavaari:14 - dropaddress is send in page address
2022-01-16 11:08:26,872  INFO [main] carSavaari:14 - dropaddress is clicked in page address
2022-01-16 11:08:28,167  INFO [main] carSavaari:14 - selected is clicked in page select
2022-01-16 11:08:31,285  INFO [main] carSavaari:14 - select car is clicked in page select
2022-01-16 11:08:31,834  INFO [main] carSavaari:14 - booking detail shown 
2022-01-16 11:08:32,608  INFO [main] carSavaari:14 - home page is clicked in page home page
2022-01-16 11:08:35,697  INFO [main] carSavaari:14 - outstation is clicked is clicked in page outstation is clicked
2022-01-16 11:08:36,600  INFO [main] carSavaari:14 - round is clicked in page round
2022-01-16 11:08:37,844  INFO [main] carSavaari:14 - selected is clicked in page select
2022-01-16 11:08:40,724  INFO [main] carSavaari:14 - select car is clicked in page select
2022-01-16 11:08:41,360  INFO [main] carSavaari:14 - booking detail shown 
2022-01-16 11:08:42,106  INFO [main] carSavaari:14 - home page is clicked in page home page
2022-01-16 11:08:43,081  INFO [main] carSavaari:14 - local is clicked in page local
2022-01-16 11:08:44,096  INFO [main] carSavaari:14 - selected is clicked in page select
2022-01-16 11:08:47,060  INFO [main] carSavaari:14 - select car is clicked in page select
2022-01-16 11:08:47,649  INFO [main] carSavaari:14 - booking detail shown 
2022-01-16 11:08:48,352  INFO [main] carSavaari:14 - home page is clicked in page home page
2022-01-16 11:08:49,367  INFO [main] carSavaari:14 - car rental is clicked in page rental
2022-01-16 11:08:52,191  INFO [main] carSavaari:14 - name is clicked in page name
2022-01-16 11:08:53,310  INFO [main] carSavaari:14 - name is send in page name
2022-01-16 11:08:54,521  INFO [main] carSavaari:14 - company name is clicked in page compname
2022-01-16 11:08:55,578  INFO [main] carSavaari:14 - company name is send in page compname
2022-01-16 11:08:56,783  INFO [main] carSavaari:14 - email is clicked in page email
2022-01-16 11:08:57,902  INFO [main] carSavaari:14 - email is send in page email
2022-01-16 11:08:59,420  INFO [main] carSavaari:14 - phone no is clicked in page phoneno
2022-01-16 11:09:00,510  INFO [main] carSavaari:14 - phone no is send in page phoneno
2022-01-16 11:09:04,153  INFO [main] carSavaari:14 - submit is clicked in page submit
2022-01-16 11:09:08,305  INFO [main] carSavaari:14 - result detail shown 
2022-01-16 11:09:09,715  INFO [main] carSavaari:14 - home page is clicked in page home page
2022-01-16 11:09:10,512  INFO [main] carSavaari:14 - clickbutton is clicked in page clickbutton
2022-01-16 11:09:11,088  INFO [main] carSavaari:14 - done is clicked in page done
2022-01-16 11:09:11,836  INFO [main] carSavaari:14 - insta is clicked is clicked in page insta is clicked
2022-01-16 11:09:17,516  INFO [main] carSavaari:14 - result detail shown 
