2022-01-15 11:26:17,969  INFO [main] carSavaari:14 - URL Opened
2022-01-15 11:26:19,473  INFO [main] carSavaari:14 - Page opend with title Book Outstation Cabs, Local & Airport Taxi Service - India's Leading Car Rentals
2022-01-15 11:26:20,626  INFO [main] carSavaari:14 - button is clicked in page button
2022-01-15 11:26:21,481  INFO [main] carSavaari:14 - name is clicked in page id
2022-01-15 11:26:22,418  INFO [main] carSavaari:14 - name is send in page id
2022-01-15 11:26:23,238  INFO [main] carSavaari:14 - pass is clicked in page pwd
2022-01-15 11:26:23,783  INFO [main] carSavaari:14 - pass is send in page pwd
2022-01-15 11:26:24,552  INFO [main] carSavaari:14 - click is clicked in page login
2022-01-15 11:26:25,314  INFO [main] carSavaari:14 - Successfully logged in
2022-01-15 11:26:26,387  INFO [main] carSavaari:14 - playstore is clicked in page playstore
2022-01-15 11:26:31,792  INFO [main] carSavaari:14 - playsrore detail shown 
2022-01-15 11:26:32,541  INFO [main] carSavaari:14 - home page is clicked in page home page
2022-01-15 11:26:33,635  INFO [main] carSavaari:14 - from place is clicked in page from
2022-01-15 11:26:34,444  INFO [main] carSavaari:14 - place is send in page from
2022-01-15 11:26:35,384  INFO [main] carSavaari:14 - place is clicked in page to
2022-01-15 11:26:36,266  INFO [main] carSavaari:14 - place is send in page to
2022-01-15 11:26:37,196  INFO [main] carSavaari:14 - place is clicked in page to
2022-01-15 11:26:38,447  INFO [main] carSavaari:14 - selected is clicked in page select
2022-01-15 11:26:38,839  INFO [main] carSavaari:14 - Successfully verified
2022-01-15 11:26:39,964  INFO [main] carSavaari:14 - home page is clicked in page home page
2022-01-15 11:26:42,846  INFO [main] carSavaari:14 - airport is clicked in page airport
2022-01-15 11:26:44,191  INFO [main] carSavaari:14 - dropaddress is clicked in page address
2022-01-15 11:26:45,078  INFO [main] carSavaari:14 - dropaddress is send in page address
2022-01-15 11:26:46,298  INFO [main] carSavaari:14 - dropaddress is clicked in page address
2022-01-15 11:26:47,594  INFO [main] carSavaari:14 - selected is clicked in page select
2022-01-15 11:26:49,966 ERROR [main] carSavaari:21 - select car is not able clicked in page select
