2022-01-15 12:55:23,392  INFO [main] carSavaari:14 - URL Opened
2022-01-15 12:55:24,817  INFO [main] carSavaari:14 - Page opend with title Book Outstation Cabs, Local & Airport Taxi Service - India's Leading Car Rentals
2022-01-15 12:55:25,915  INFO [main] carSavaari:14 - button is clicked in page button
2022-01-15 12:55:26,663  INFO [main] carSavaari:14 - name is clicked in page id
2022-01-15 12:55:27,301  INFO [main] carSavaari:14 - name is send in page id
2022-01-15 12:55:28,040  INFO [main] carSavaari:14 - pass is clicked in page pwd
2022-01-15 12:55:28,761  INFO [main] carSavaari:14 - pass is send in page pwd
2022-01-15 12:55:29,551  INFO [main] carSavaari:14 - click is clicked in page login
2022-01-15 12:55:30,307  INFO [main] carSavaari:14 - Successfully logged in
2022-01-15 12:55:31,481  INFO [main] carSavaari:14 - playstore is clicked in page playstore
2022-01-15 12:55:37,581  INFO [main] carSavaari:14 - playsrore detail shown 
2022-01-15 12:55:38,397  INFO [main] carSavaari:14 - home page is clicked in page home page
2022-01-15 12:55:39,441  INFO [main] carSavaari:14 - from place is clicked in page from
2022-01-15 12:55:40,248  INFO [main] carSavaari:14 - place is send in page from
2022-01-15 12:55:41,187  INFO [main] carSavaari:14 - place is clicked in page to
2022-01-15 12:55:42,027  INFO [main] carSavaari:14 - place is send in page to
2022-01-15 12:55:42,893  INFO [main] carSavaari:14 - place is clicked in page to
2022-01-15 12:55:44,041  INFO [main] carSavaari:14 - selected is clicked in page select
2022-01-15 12:55:44,341  INFO [main] carSavaari:14 - Successfully verified
2022-01-15 12:55:44,880  INFO [main] carSavaari:14 - home page is clicked in page home page
2022-01-15 12:55:47,441 ERROR [main] carSavaari:21 - airport is not able clicked in page airport
2022-01-15 12:55:49,706 ERROR [main] carSavaari:21 - outstation is clicked is not able clicked in page outstation is clicked
2022-01-15 12:55:49,983 ERROR [main] carSavaari:21 - local is not able clicked in page local
