2022-01-15 11:51:20,322  INFO [main] carSavaari:14 - URL Opened
2022-01-15 11:51:21,819  INFO [main] carSavaari:14 - Page opend with title Book Outstation Cabs, Local & Airport Taxi Service - India's Leading Car Rentals
2022-01-15 11:51:23,007  INFO [main] carSavaari:14 - button is clicked in page button
2022-01-15 11:51:23,834  INFO [main] carSavaari:14 - name is clicked in page id
2022-01-15 11:51:24,540  INFO [main] carSavaari:14 - name is send in page id
2022-01-15 11:51:25,289  INFO [main] carSavaari:14 - pass is clicked in page pwd
2022-01-15 11:51:25,821  INFO [main] carSavaari:14 - pass is send in page pwd
2022-01-15 11:51:26,548  INFO [main] carSavaari:14 - click is clicked in page login
2022-01-15 11:51:27,271  INFO [main] carSavaari:14 - Successfully logged in
2022-01-15 11:51:28,294  INFO [main] carSavaari:14 - playstore is clicked in page playstore
2022-01-15 11:51:33,766  INFO [main] carSavaari:14 - playsrore detail shown 
2022-01-15 11:51:34,554  INFO [main] carSavaari:14 - home page is clicked in page home page
2022-01-15 11:51:35,593  INFO [main] carSavaari:14 - from place is clicked in page from
2022-01-15 11:51:36,338  INFO [main] carSavaari:14 - place is send in page from
2022-01-15 11:51:37,285  INFO [main] carSavaari:14 - place is clicked in page to
2022-01-15 11:51:38,112  INFO [main] carSavaari:14 - place is send in page to
2022-01-15 11:51:38,967  INFO [main] carSavaari:14 - place is clicked in page to
2022-01-15 11:51:40,038  INFO [main] carSavaari:14 - selected is clicked in page select
2022-01-15 11:51:40,323  INFO [main] carSavaari:14 - Successfully verified
2022-01-15 11:51:41,401  INFO [main] carSavaari:14 - home page is clicked in page home page
2022-01-15 11:51:44,223  INFO [main] carSavaari:14 - airport is clicked in page airport
2022-01-15 11:51:45,517  INFO [main] carSavaari:14 - dropaddress is clicked in page address
2022-01-15 11:51:46,309  INFO [main] carSavaari:14 - dropaddress is send in page address
2022-01-15 11:51:47,471  INFO [main] carSavaari:14 - dropaddress is clicked in page address
2022-01-15 11:51:48,499  INFO [main] carSavaari:14 - selected is clicked in page select
2022-01-15 11:51:51,392  INFO [main] carSavaari:14 - select car is clicked in page select
2022-01-15 11:51:52,023  INFO [main] carSavaari:14 - booking detail shown 
2022-01-15 11:51:52,883  INFO [main] carSavaari:14 - home page is clicked in page home page
2022-01-15 11:51:55,592 ERROR [main] carSavaari:21 - round is not able clicked in page round
