2022-01-15 12:07:17,072  INFO [main] carSavaari:14 - URL Opened
2022-01-15 12:07:18,739  INFO [main] carSavaari:14 - Page opend with title Book Outstation Cabs, Local & Airport Taxi Service - India's Leading Car Rentals
2022-01-15 12:07:19,935  INFO [main] carSavaari:14 - button is clicked in page button
2022-01-15 12:07:20,797  INFO [main] carSavaari:14 - name is clicked in page id
2022-01-15 12:07:21,501  INFO [main] carSavaari:14 - name is send in page id
2022-01-15 12:07:22,396  INFO [main] carSavaari:14 - pass is clicked in page pwd
2022-01-15 12:07:23,010  INFO [main] carSavaari:14 - pass is send in page pwd
2022-01-15 12:07:23,757  INFO [main] carSavaari:14 - click is clicked in page login
2022-01-15 12:07:24,555  INFO [main] carSavaari:14 - Successfully logged in
2022-01-15 12:07:25,616  INFO [main] carSavaari:14 - playstore is clicked in page playstore
2022-01-15 12:07:31,306  INFO [main] carSavaari:14 - playsrore detail shown 
2022-01-15 12:07:32,107  INFO [main] carSavaari:14 - home page is clicked in page home page
2022-01-15 12:07:33,131  INFO [main] carSavaari:14 - from place is clicked in page from
2022-01-15 12:07:33,938  INFO [main] carSavaari:14 - place is send in page from
2022-01-15 12:07:34,879  INFO [main] carSavaari:14 - place is clicked in page to
2022-01-15 12:07:35,742  INFO [main] carSavaari:14 - place is send in page to
2022-01-15 12:07:36,606  INFO [main] carSavaari:14 - place is clicked in page to
2022-01-15 12:07:37,792  INFO [main] carSavaari:14 - selected is clicked in page select
2022-01-15 12:07:38,080  INFO [main] carSavaari:14 - Successfully verified
2022-01-15 12:07:39,164  INFO [main] carSavaari:14 - home page is clicked in page home page
2022-01-15 12:07:42,038  INFO [main] carSavaari:14 - airport is clicked in page airport
2022-01-15 12:07:43,333  INFO [main] carSavaari:14 - dropaddress is clicked in page address
2022-01-15 12:07:44,116  INFO [main] carSavaari:14 - dropaddress is send in page address
2022-01-15 12:07:45,221  INFO [main] carSavaari:14 - dropaddress is clicked in page address
2022-01-15 12:07:46,245  INFO [main] carSavaari:14 - selected is clicked in page select
2022-01-15 12:07:49,210  INFO [main] carSavaari:14 - select car is clicked in page select
2022-01-15 12:07:49,840  INFO [main] carSavaari:14 - booking detail shown 
2022-01-15 12:07:50,742  INFO [main] carSavaari:14 - home page is clicked in page home page
2022-01-15 12:07:53,767  INFO [main] carSavaari:14 - outstation is clicked is clicked in page outstation is clicked
2022-01-15 12:07:54,668  INFO [main] carSavaari:14 - round is clicked in page round
2022-01-15 12:07:55,683  INFO [main] carSavaari:14 - selected is clicked in page select
2022-01-15 12:07:58,799  INFO [main] carSavaari:14 - select car is clicked in page select
2022-01-15 12:07:59,189  INFO [main] carSavaari:14 - booking detail shown 
2022-01-15 12:07:59,945  INFO [main] carSavaari:14 - home page is clicked in page home page
2022-01-15 12:08:00,946  INFO [main] carSavaari:14 - local is clicked in page local
2022-01-15 12:08:01,886  INFO [main] carSavaari:14 - selected is clicked in page select
2022-01-15 12:08:04,165 ERROR [main] carSavaari:21 - time is not able clicked in page time
