2022-01-15 11:15:34,416  INFO [main] carSavaari:14 - URL Opened
2022-01-15 11:15:35,800  INFO [main] carSavaari:14 - Page opend with title Book Outstation Cabs, Local & Airport Taxi Service - India's Leading Car Rentals
2022-01-15 11:15:37,148  INFO [main] carSavaari:14 - button is clicked in page button
2022-01-15 11:15:37,949  INFO [main] carSavaari:14 - name is clicked in page id
2022-01-15 11:15:38,752  INFO [main] carSavaari:14 - name is send in page id
2022-01-15 11:15:39,499  INFO [main] carSavaari:14 - pass is clicked in page pwd
2022-01-15 11:15:40,083  INFO [main] carSavaari:14 - pass is send in page pwd
2022-01-15 11:15:40,821  INFO [main] carSavaari:14 - click is clicked in page login
2022-01-15 11:15:41,571  INFO [main] carSavaari:14 - Successfully logged in
2022-01-15 11:15:42,633  INFO [main] carSavaari:14 - playstore is clicked in page playstore
2022-01-15 11:15:48,442  INFO [main] carSavaari:14 - playsrore detail shown 
2022-01-15 11:15:49,279  INFO [main] carSavaari:14 - home page is clicked in page home page
2022-01-15 11:15:50,313  INFO [main] carSavaari:14 - from place is clicked in page from
2022-01-15 11:15:51,168  INFO [main] carSavaari:14 - place is send in page from
2022-01-15 11:15:52,088  INFO [main] carSavaari:14 - place is clicked in page to
2022-01-15 11:15:52,961  INFO [main] carSavaari:14 - place is send in page to
2022-01-15 11:15:53,858  INFO [main] carSavaari:14 - place is clicked in page to
2022-01-15 11:15:55,067  INFO [main] carSavaari:14 - selected is clicked in page select
2022-01-15 11:15:55,385  INFO [main] carSavaari:14 - Successfully verified
2022-01-15 11:15:55,869  INFO [main] carSavaari:14 - home page is clicked in page home page
2022-01-15 11:15:58,355 ERROR [main] carSavaari:21 - airport is not able clicked in page airport
