2022-01-15 11:01:33,594  INFO [main] carSavaari:14 - URL Opened
2022-01-15 11:01:35,316  INFO [main] carSavaari:14 - Page opend with title Book Outstation Cabs, Local & Airport Taxi Service - India's Leading Car Rentals
2022-01-15 11:01:36,583  INFO [main] carSavaari:14 - button is clicked in page button
2022-01-15 11:01:37,435  INFO [main] carSavaari:14 - name is clicked in page id
2022-01-15 11:01:38,365  INFO [main] carSavaari:14 - name is send in page id
2022-01-15 11:01:39,092  INFO [main] carSavaari:14 - pass is clicked in page pwd
2022-01-15 11:01:39,698  INFO [main] carSavaari:14 - pass is send in page pwd
2022-01-15 11:01:40,574  INFO [main] carSavaari:14 - click is clicked in page login
2022-01-15 11:01:41,332  INFO [main] carSavaari:14 - Successfully logged in
2022-01-15 11:01:42,405  INFO [main] carSavaari:14 - playstore is clicked in page playstore
2022-01-15 11:01:47,871  INFO [main] carSavaari:14 - playsrore detail shown 
2022-01-15 11:01:48,684  INFO [main] carSavaari:14 - home page is clicked in page home page
2022-01-15 11:01:49,727  INFO [main] carSavaari:14 - from place is clicked in page from
2022-01-15 11:01:50,585  INFO [main] carSavaari:14 - place is send in page from
2022-01-15 11:01:51,534  INFO [main] carSavaari:14 - place is clicked in page to
2022-01-15 11:01:52,403  INFO [main] carSavaari:14 - place is send in page to
2022-01-15 11:01:53,292  INFO [main] carSavaari:14 - place is clicked in page to
2022-01-15 11:01:54,505  INFO [main] carSavaari:14 - selected is clicked in page select
2022-01-15 11:01:54,792  INFO [main] carSavaari:14 - Successfully verified
2022-01-15 11:01:55,274  INFO [main] carSavaari:14 - home page is clicked in page home page
