2022-01-15 11:47:36,652  INFO [main] carSavaari:14 - URL Opened
2022-01-15 11:47:37,981  INFO [main] carSavaari:14 - Page opend with title Book Outstation Cabs, Local & Airport Taxi Service - India's Leading Car Rentals
2022-01-15 11:47:39,177  INFO [main] carSavaari:14 - button is clicked in page button
2022-01-15 11:47:40,096  INFO [main] carSavaari:14 - name is clicked in page id
2022-01-15 11:47:40,839  INFO [main] carSavaari:14 - name is send in page id
2022-01-15 11:47:41,572  INFO [main] carSavaari:14 - pass is clicked in page pwd
2022-01-15 11:47:42,183  INFO [main] carSavaari:14 - pass is send in page pwd
2022-01-15 11:47:42,957  INFO [main] carSavaari:14 - click is clicked in page login
2022-01-15 11:47:43,707  INFO [main] carSavaari:14 - Successfully logged in
2022-01-15 11:47:44,717  INFO [main] carSavaari:14 - playstore is clicked in page playstore
2022-01-15 11:47:50,117  INFO [main] carSavaari:14 - playsrore detail shown 
2022-01-15 11:47:50,912  INFO [main] carSavaari:14 - home page is clicked in page home page
2022-01-15 11:47:52,026  INFO [main] carSavaari:14 - from place is clicked in page from
2022-01-15 11:47:52,856  INFO [main] carSavaari:14 - place is send in page from
2022-01-15 11:47:53,812  INFO [main] carSavaari:14 - place is clicked in page to
2022-01-15 11:47:54,639  INFO [main] carSavaari:14 - place is send in page to
2022-01-15 11:47:55,489  INFO [main] carSavaari:14 - place is clicked in page to
2022-01-15 11:47:56,582  INFO [main] carSavaari:14 - selected is clicked in page select
2022-01-15 11:47:56,864  INFO [main] carSavaari:14 - Successfully verified
2022-01-15 11:47:57,346  INFO [main] carSavaari:14 - home page is clicked in page home page
2022-01-15 11:47:59,872 ERROR [main] carSavaari:21 - airport is not able clicked in page airport
2022-01-15 11:48:02,187 ERROR [main] carSavaari:21 - round is not able clicked in page round
