2022-01-15 16:22:30,792  INFO [main] carSavaari:14 - URL Opened
2022-01-15 16:22:32,067  INFO [main] carSavaari:14 - Page opend with title Book Outstation Cabs, Local & Airport Taxi Service - India's Leading Car Rentals
2022-01-15 16:22:33,152  INFO [main] carSavaari:14 - button is clicked in page button
2022-01-15 16:22:33,956  INFO [main] carSavaari:14 - name is clicked in page id
2022-01-15 16:22:34,839  INFO [main] carSavaari:14 - name is send in page id
2022-01-15 16:22:35,599  INFO [main] carSavaari:14 - pass is clicked in page pwd
2022-01-15 16:22:36,182  INFO [main] carSavaari:14 - pass is send in page pwd
2022-01-15 16:22:36,966  INFO [main] carSavaari:14 - click is clicked in page login
2022-01-15 16:22:37,706  INFO [main] carSavaari:14 - Successfully logged in
2022-01-15 16:22:38,742  INFO [main] carSavaari:14 - playstore is clicked in page playstore
2022-01-15 16:22:43,978  INFO [main] carSavaari:14 - playsrore detail shown 
2022-01-15 16:22:44,756  INFO [main] carSavaari:14 - home page is clicked in page home page
2022-01-15 16:22:45,798  INFO [main] carSavaari:14 - from place is clicked in page from
2022-01-15 16:22:46,465  INFO [main] carSavaari:14 - place is send in page from
2022-01-15 16:22:47,418  INFO [main] carSavaari:14 - place is clicked in page to
2022-01-15 16:22:48,233  INFO [main] carSavaari:14 - place is send in page to
2022-01-15 16:22:49,148  INFO [main] carSavaari:14 - place is clicked in page to
2022-01-15 16:22:50,435  INFO [main] carSavaari:14 - selected is clicked in page select
2022-01-15 16:22:50,708  INFO [main] carSavaari:14 - Successfully verified
2022-01-15 16:22:51,728  INFO [main] carSavaari:14 - home page is clicked in page home page
2022-01-15 16:22:54,590  INFO [main] carSavaari:14 - airport is clicked in page airport
2022-01-15 16:22:55,765  INFO [main] carSavaari:14 - dropaddress is clicked in page address
2022-01-15 16:22:56,489  INFO [main] carSavaari:14 - dropaddress is send in page address
2022-01-15 16:22:57,582  INFO [main] carSavaari:14 - dropaddress is clicked in page address
2022-01-15 16:22:58,619  INFO [main] carSavaari:14 - selected is clicked in page select
2022-01-15 16:23:00,999 ERROR [main] carSavaari:21 - select car is not able clicked in page select
2022-01-15 16:23:03,503 ERROR [main] carSavaari:21 - outstation is clicked is not able clicked in page outstation is clicked
2022-01-15 16:23:03,807 ERROR [main] carSavaari:21 - local is not able clicked in page local
2022-01-15 16:23:04,061 ERROR [main] carSavaari:21 - car rental is not able clicked in page rental
2022-01-15 16:23:04,349 ERROR [main] carSavaari:21 - local is not able clicked in page local
