2022-01-15 23:18:51,699  INFO [main] carSavaari:14 - URL Opened
2022-01-15 23:18:52,929  INFO [main] carSavaari:14 - Page opend with title Book Outstation Cabs, Local & Airport Taxi Service - India's Leading Car Rentals
2022-01-15 23:18:54,059  INFO [main] carSavaari:14 - button is clicked in page button
2022-01-15 23:18:54,985  INFO [main] carSavaari:14 - name is clicked in page id
2022-01-15 23:18:55,870  INFO [main] carSavaari:14 - name is send in page id
2022-01-15 23:18:56,589  INFO [main] carSavaari:14 - pass is clicked in page pwd
2022-01-15 23:18:57,148  INFO [main] carSavaari:14 - pass is send in page pwd
2022-01-15 23:18:57,927  INFO [main] carSavaari:14 - click is clicked in page login
2022-01-15 23:18:58,645  INFO [main] carSavaari:14 - Successfully logged in
2022-01-15 23:18:59,669  INFO [main] carSavaari:14 - playstore is clicked in page playstore
2022-01-15 23:19:05,002  INFO [main] carSavaari:14 - playsrore detail shown 
2022-01-15 23:19:05,847  INFO [main] carSavaari:14 - home page is clicked in page home page
2022-01-15 23:19:06,864  INFO [main] carSavaari:14 - from place is clicked in page from
2022-01-15 23:19:07,556  INFO [main] carSavaari:14 - place is send in page from
2022-01-15 23:19:08,483  INFO [main] carSavaari:14 - place is clicked in page to
2022-01-15 23:19:09,326  INFO [main] carSavaari:14 - place is send in page to
2022-01-15 23:19:10,329  INFO [main] carSavaari:14 - place is clicked in page to
2022-01-15 23:19:11,585  INFO [main] carSavaari:14 - selected is clicked in page select
2022-01-15 23:19:11,885  INFO [main] carSavaari:14 - Successfully verified
2022-01-15 23:19:12,976  INFO [main] carSavaari:14 - home page is clicked in page home page
2022-01-15 23:19:15,751  INFO [main] carSavaari:14 - airport is clicked in page airport
2022-01-15 23:19:16,997  INFO [main] carSavaari:14 - dropaddress is clicked in page address
2022-01-15 23:19:17,770  INFO [main] carSavaari:14 - dropaddress is send in page address
2022-01-15 23:19:18,875  INFO [main] carSavaari:14 - dropaddress is clicked in page address
2022-01-15 23:19:20,072  INFO [main] carSavaari:14 - selected is clicked in page select
2022-01-15 23:19:23,150  INFO [main] carSavaari:14 - select car is clicked in page select
2022-01-15 23:19:23,709  INFO [main] carSavaari:14 - booking detail shown 
2022-01-15 23:19:24,562  INFO [main] carSavaari:14 - home page is clicked in page home page
2022-01-15 23:19:27,845  INFO [main] carSavaari:14 - outstation is clicked is clicked in page outstation is clicked
2022-01-15 23:19:28,921  INFO [main] carSavaari:14 - round is clicked in page round
2022-01-15 23:19:29,998  INFO [main] carSavaari:14 - selected is clicked in page select
2022-01-15 23:19:32,985  INFO [main] carSavaari:14 - select car is clicked in page select
2022-01-15 23:19:33,324  INFO [main] carSavaari:14 - booking detail shown 
2022-01-15 23:19:34,156  INFO [main] carSavaari:14 - home page is clicked in page home page
2022-01-15 23:19:35,164  INFO [main] carSavaari:14 - local is clicked in page local
2022-01-15 23:19:36,145  INFO [main] carSavaari:14 - selected is clicked in page select
2022-01-15 23:19:39,044  INFO [main] carSavaari:14 - select car is clicked in page select
2022-01-15 23:19:39,583  INFO [main] carSavaari:14 - booking detail shown 
2022-01-15 23:19:40,265  INFO [main] carSavaari:14 - home page is clicked in page home page
2022-01-15 23:19:41,430  INFO [main] carSavaari:14 - car rental is clicked in page rental
2022-01-15 23:19:44,276  INFO [main] carSavaari:14 - name is clicked in page name
2022-01-15 23:19:45,250  INFO [main] carSavaari:14 - name is send in page name
2022-01-15 23:19:46,422  INFO [main] carSavaari:14 - company name is clicked in page compname
2022-01-15 23:19:47,426  INFO [main] carSavaari:14 - company name is send in page compname
2022-01-15 23:19:48,747  INFO [main] carSavaari:14 - email is clicked in page email
2022-01-15 23:19:49,739  INFO [main] carSavaari:14 - email is send in page email
2022-01-15 23:19:50,830  INFO [main] carSavaari:14 - phone no is clicked in page phoneno
2022-01-15 23:19:51,815  INFO [main] carSavaari:14 - phone no is send in page phoneno
2022-01-15 23:19:55,095  INFO [main] carSavaari:14 - submit is clicked in page submit
2022-01-15 23:19:58,598  INFO [main] carSavaari:14 - clickbutton is clicked in page clickbutton
2022-01-15 23:20:00,664  INFO [main] carSavaari:14 - done is clicked in page done
2022-01-15 23:20:01,630  INFO [main] carSavaari:14 - insta is clicked is clicked in page insta is clicked
