2022-01-15 12:56:09,407  INFO [main] carSavaari:14 - URL Opened
2022-01-15 12:56:10,683  INFO [main] carSavaari:14 - Page opend with title Book Outstation Cabs, Local & Airport Taxi Service - India's Leading Car Rentals
2022-01-15 12:56:11,776  INFO [main] carSavaari:14 - button is clicked in page button
2022-01-15 12:56:12,689  INFO [main] carSavaari:14 - name is clicked in page id
2022-01-15 12:56:13,327  INFO [main] carSavaari:14 - name is send in page id
2022-01-15 12:56:14,173  INFO [main] carSavaari:14 - pass is clicked in page pwd
2022-01-15 12:56:14,720  INFO [main] carSavaari:14 - pass is send in page pwd
2022-01-15 12:56:15,446  INFO [main] carSavaari:14 - click is clicked in page login
2022-01-15 12:56:16,210  INFO [main] carSavaari:14 - Successfully logged in
2022-01-15 12:56:17,322  INFO [main] carSavaari:14 - playstore is clicked in page playstore
2022-01-15 12:56:22,786  INFO [main] carSavaari:14 - playsrore detail shown 
2022-01-15 12:56:23,605  INFO [main] carSavaari:14 - home page is clicked in page home page
2022-01-15 12:56:24,639  INFO [main] carSavaari:14 - from place is clicked in page from
2022-01-15 12:56:25,486  INFO [main] carSavaari:14 - place is send in page from
2022-01-15 12:56:26,391  INFO [main] carSavaari:14 - place is clicked in page to
2022-01-15 12:56:27,238  INFO [main] carSavaari:14 - place is send in page to
2022-01-15 12:56:28,103  INFO [main] carSavaari:14 - place is clicked in page to
2022-01-15 12:56:29,271  INFO [main] carSavaari:14 - selected is clicked in page select
2022-01-15 12:56:29,558  INFO [main] carSavaari:14 - Successfully verified
2022-01-15 12:56:30,086  INFO [main] carSavaari:14 - home page is clicked in page home page
2022-01-15 12:56:32,746 ERROR [main] carSavaari:21 - airport is not able clicked in page airport
2022-01-15 12:56:35,017 ERROR [main] carSavaari:21 - outstation is clicked is not able clicked in page outstation is clicked
2022-01-15 12:56:35,288 ERROR [main] carSavaari:21 - local is not able clicked in page local
