2022-01-15 16:14:04,483  INFO [main] carSavaari:14 - URL Opened
2022-01-15 16:14:05,929  INFO [main] carSavaari:14 - Page opend with title Book Outstation Cabs, Local & Airport Taxi Service - India's Leading Car Rentals
2022-01-15 16:14:07,228  INFO [main] carSavaari:14 - button is clicked in page button
2022-01-15 16:14:08,152  INFO [main] carSavaari:14 - name is clicked in page id
2022-01-15 16:14:08,835  INFO [main] carSavaari:14 - name is send in page id
2022-01-15 16:14:09,594  INFO [main] carSavaari:14 - pass is clicked in page pwd
2022-01-15 16:14:10,149  INFO [main] carSavaari:14 - pass is send in page pwd
2022-01-15 16:14:10,984  INFO [main] carSavaari:14 - click is clicked in page login
2022-01-15 16:14:11,706  INFO [main] carSavaari:14 - Successfully logged in
2022-01-15 16:14:12,730  INFO [main] carSavaari:14 - playstore is clicked in page playstore
2022-01-15 16:14:17,962  INFO [main] carSavaari:14 - playsrore detail shown 
2022-01-15 16:14:18,719  INFO [main] carSavaari:14 - home page is clicked in page home page
2022-01-15 16:14:19,766  INFO [main] carSavaari:14 - from place is clicked in page from
2022-01-15 16:14:20,489  INFO [main] carSavaari:14 - place is send in page from
2022-01-15 16:14:21,480  INFO [main] carSavaari:14 - place is clicked in page to
2022-01-15 16:14:22,360  INFO [main] carSavaari:14 - place is send in page to
2022-01-15 16:14:23,267  INFO [main] carSavaari:14 - place is clicked in page to
2022-01-15 16:14:24,536  INFO [main] carSavaari:14 - selected is clicked in page select
2022-01-15 16:14:24,814  INFO [main] carSavaari:14 - Successfully verified
2022-01-15 16:14:25,945  INFO [main] carSavaari:14 - home page is clicked in page home page
2022-01-15 16:14:28,814  INFO [main] carSavaari:14 - airport is clicked in page airport
2022-01-15 16:14:30,383  INFO [main] carSavaari:14 - dropaddress is clicked in page address
2022-01-15 16:14:31,297  INFO [main] carSavaari:14 - dropaddress is send in page address
2022-01-15 16:14:32,437  INFO [main] carSavaari:14 - dropaddress is clicked in page address
2022-01-15 16:14:33,480  INFO [main] carSavaari:14 - selected is clicked in page select
2022-01-15 16:14:36,407  INFO [main] carSavaari:14 - select car is clicked in page select
2022-01-15 16:14:37,087  INFO [main] carSavaari:14 - booking detail shown 
2022-01-15 16:14:37,816  INFO [main] carSavaari:14 - home page is clicked in page home page
2022-01-15 16:14:40,963  INFO [main] carSavaari:14 - outstation is clicked is clicked in page outstation is clicked
2022-01-15 16:14:41,891  INFO [main] carSavaari:14 - round is clicked in page round
2022-01-15 16:14:42,953  INFO [main] carSavaari:14 - selected is clicked in page select
2022-01-15 16:14:45,830  INFO [main] carSavaari:14 - select car is clicked in page select
2022-01-15 16:14:46,556  INFO [main] carSavaari:14 - booking detail shown 
2022-01-15 16:14:47,293  INFO [main] carSavaari:14 - home page is clicked in page home page
2022-01-15 16:14:48,517  INFO [main] carSavaari:14 - local is clicked in page local
2022-01-15 16:14:49,645  INFO [main] carSavaari:14 - selected is clicked in page select
2022-01-15 16:14:51,895 ERROR [main] carSavaari:21 - time is not able clicked in page time
2022-01-15 16:14:52,243 ERROR [main] carSavaari:21 - car rental is not able clicked in page rental
2022-01-15 16:14:52,490 ERROR [main] carSavaari:21 - local is not able clicked in page local
