2022-01-15 11:22:55,542  INFO [main] carSavaari:14 - URL Opened
2022-01-15 11:22:56,941  INFO [main] carSavaari:14 - Page opend with title Book Outstation Cabs, Local & Airport Taxi Service - India's Leading Car Rentals
2022-01-15 11:22:58,038  INFO [main] carSavaari:14 - button is clicked in page button
2022-01-15 11:22:58,894  INFO [main] carSavaari:14 - name is clicked in page id
2022-01-15 11:22:59,868  INFO [main] carSavaari:14 - name is send in page id
2022-01-15 11:23:00,629  INFO [main] carSavaari:14 - pass is clicked in page pwd
2022-01-15 11:23:01,198  INFO [main] carSavaari:14 - pass is send in page pwd
2022-01-15 11:23:02,010  INFO [main] carSavaari:14 - click is clicked in page login
2022-01-15 11:23:02,742  INFO [main] carSavaari:14 - Successfully logged in
2022-01-15 11:23:03,795  INFO [main] carSavaari:14 - playstore is clicked in page playstore
2022-01-15 11:23:09,429  INFO [main] carSavaari:14 - playsrore detail shown 
2022-01-15 11:23:10,208  INFO [main] carSavaari:14 - home page is clicked in page home page
2022-01-15 11:23:11,306  INFO [main] carSavaari:14 - from place is clicked in page from
2022-01-15 11:23:12,113  INFO [main] carSavaari:14 - place is send in page from
2022-01-15 11:23:13,058  INFO [main] carSavaari:14 - place is clicked in page to
2022-01-15 11:23:13,962  INFO [main] carSavaari:14 - place is send in page to
2022-01-15 11:23:14,913  INFO [main] carSavaari:14 - place is clicked in page to
2022-01-15 11:23:16,164  INFO [main] carSavaari:14 - selected is clicked in page select
2022-01-15 11:23:16,425  INFO [main] carSavaari:14 - Successfully verified
2022-01-15 11:23:16,933  INFO [main] carSavaari:14 - home page is clicked in page home page
2022-01-15 11:23:19,562 ERROR [main] carSavaari:21 - airport is not able clicked in page airport
