2022-01-15 11:03:26,337  INFO [main] carSavaari:14 - URL Opened
2022-01-15 11:03:28,048  INFO [main] carSavaari:14 - Page opend with title Book Outstation Cabs, Local & Airport Taxi Service - India's Leading Car Rentals
2022-01-15 11:03:29,606  INFO [main] carSavaari:14 - button is clicked in page button
2022-01-15 11:03:30,577  INFO [main] carSavaari:14 - name is clicked in page id
2022-01-15 11:03:31,394  INFO [main] carSavaari:14 - name is send in page id
2022-01-15 11:03:32,289  INFO [main] carSavaari:14 - pass is clicked in page pwd
2022-01-15 11:03:32,944  INFO [main] carSavaari:14 - pass is send in page pwd
2022-01-15 11:03:33,879  INFO [main] carSavaari:14 - click is clicked in page login
2022-01-15 11:03:34,621  INFO [main] carSavaari:14 - Successfully logged in
2022-01-15 11:03:35,763  INFO [main] carSavaari:14 - playstore is clicked in page playstore
2022-01-15 11:03:41,513  INFO [main] carSavaari:14 - playsrore detail shown 
2022-01-15 11:03:42,366  INFO [main] carSavaari:14 - home page is clicked in page home page
2022-01-15 11:03:43,450  INFO [main] carSavaari:14 - from place is clicked in page from
2022-01-15 11:03:44,305  INFO [main] carSavaari:14 - place is send in page from
2022-01-15 11:03:45,348  INFO [main] carSavaari:14 - place is clicked in page to
2022-01-15 11:03:46,237  INFO [main] carSavaari:14 - place is send in page to
2022-01-15 11:03:47,175  INFO [main] carSavaari:14 - place is clicked in page to
2022-01-15 11:03:48,496  INFO [main] carSavaari:14 - selected is clicked in page select
2022-01-15 11:03:48,834  INFO [main] carSavaari:14 - Successfully verified
2022-01-15 11:03:49,321  INFO [main] carSavaari:14 - home page is clicked in page home page
