2022-01-15 11:14:04,446  INFO [main] carSavaari:14 - URL Opened
2022-01-15 11:14:05,913  INFO [main] carSavaari:14 - Page opend with title Book Outstation Cabs, Local & Airport Taxi Service - India's Leading Car Rentals
2022-01-15 11:14:07,114  INFO [main] carSavaari:14 - button is clicked in page button
2022-01-15 11:14:08,326  INFO [main] carSavaari:14 - name is clicked in page id
2022-01-15 11:14:09,116  INFO [main] carSavaari:14 - name is send in page id
2022-01-15 11:14:09,989  INFO [main] carSavaari:14 - pass is clicked in page pwd
2022-01-15 11:14:10,568  INFO [main] carSavaari:14 - pass is send in page pwd
2022-01-15 11:14:11,442  INFO [main] carSavaari:14 - click is clicked in page login
2022-01-15 11:14:12,196  INFO [main] carSavaari:14 - Successfully logged in
2022-01-15 11:14:13,272  INFO [main] carSavaari:14 - playstore is clicked in page playstore
2022-01-15 11:14:18,861  INFO [main] carSavaari:14 - playsrore detail shown 
2022-01-15 11:14:19,701  INFO [main] carSavaari:14 - home page is clicked in page home page
2022-01-15 11:14:20,736  INFO [main] carSavaari:14 - from place is clicked in page from
2022-01-15 11:14:21,600  INFO [main] carSavaari:14 - place is send in page from
2022-01-15 11:14:22,519  INFO [main] carSavaari:14 - place is clicked in page to
2022-01-15 11:14:23,437  INFO [main] carSavaari:14 - place is send in page to
2022-01-15 11:14:24,338  INFO [main] carSavaari:14 - place is clicked in page to
2022-01-15 11:14:25,595  INFO [main] carSavaari:14 - selected is clicked in page select
2022-01-15 11:14:25,883  INFO [main] carSavaari:14 - Successfully verified
2022-01-15 11:14:26,397  INFO [main] carSavaari:14 - home page is clicked in page home page
2022-01-15 11:14:29,173 ERROR [main] carSavaari:21 - airport is not able clicked in page airport
