2022-01-15 11:36:04,778  INFO [main] carSavaari:14 - URL Opened
2022-01-15 11:36:06,275  INFO [main] carSavaari:14 - Page opend with title Book Outstation Cabs, Local & Airport Taxi Service - India's Leading Car Rentals
2022-01-15 11:36:07,567  INFO [main] carSavaari:14 - button is clicked in page button
2022-01-15 11:36:08,380  INFO [main] carSavaari:14 - name is clicked in page id
2022-01-15 11:36:09,223  INFO [main] carSavaari:14 - name is send in page id
2022-01-15 11:36:09,973  INFO [main] carSavaari:14 - pass is clicked in page pwd
2022-01-15 11:36:10,594  INFO [main] carSavaari:14 - pass is send in page pwd
2022-01-15 11:36:11,375  INFO [main] carSavaari:14 - click is clicked in page login
2022-01-15 11:36:12,126  INFO [main] carSavaari:14 - Successfully logged in
2022-01-15 11:36:13,187  INFO [main] carSavaari:14 - playstore is clicked in page playstore
2022-01-15 11:36:18,803  INFO [main] carSavaari:14 - playsrore detail shown 
2022-01-15 11:36:19,601  INFO [main] carSavaari:14 - home page is clicked in page home page
2022-01-15 11:36:20,696  INFO [main] carSavaari:14 - from place is clicked in page from
2022-01-15 11:36:21,507  INFO [main] carSavaari:14 - place is send in page from
2022-01-15 11:36:22,509  INFO [main] carSavaari:14 - place is clicked in page to
2022-01-15 11:36:23,364  INFO [main] carSavaari:14 - place is send in page to
2022-01-15 11:36:24,283  INFO [main] carSavaari:14 - place is clicked in page to
2022-01-15 11:36:25,591  INFO [main] carSavaari:14 - selected is clicked in page select
2022-01-15 11:36:25,881  INFO [main] carSavaari:14 - Successfully verified
2022-01-15 11:36:26,441  INFO [main] carSavaari:14 - home page is clicked in page home page
2022-01-15 11:36:29,223 ERROR [main] carSavaari:21 - airport is not able clicked in page airport
2022-01-15 11:36:31,615 ERROR [main] carSavaari:21 - round is not able clicked in page round
