2022-01-16 18:40:30,506  INFO [main] carSavaari:14 - URL Opened
2022-01-16 18:40:31,871  INFO [main] carSavaari:14 - Page opend with title Book Outstation Cabs, Local & Airport Taxi Service - India's Leading Car Rentals
2022-01-16 18:40:33,127  INFO [main] carSavaari:14 - button is clicked in page button
2022-01-16 18:40:33,946  INFO [main] carSavaari:14 - name is clicked in page id
2022-01-16 18:40:34,704  INFO [main] carSavaari:14 - name is send in page id
2022-01-16 18:40:35,538  INFO [main] carSavaari:14 - pass is clicked in page pwd
2022-01-16 18:40:36,390  INFO [main] carSavaari:14 - pass is send in page pwd
2022-01-16 18:40:37,237  INFO [main] carSavaari:14 - click is clicked in page login
2022-01-16 18:40:38,043  INFO [main] carSavaari:14 - Successfully logged in
2022-01-16 18:40:39,162  INFO [main] carSavaari:14 - playstore is clicked in page playstore
2022-01-16 18:40:44,986  INFO [main] carSavaari:14 - playsrore detail shown 
2022-01-16 18:40:45,875  INFO [main] carSavaari:14 - home page is clicked in page home page
2022-01-16 18:40:47,070  INFO [main] carSavaari:14 - from place is clicked in page from
2022-01-16 18:40:47,750  INFO [main] carSavaari:14 - place is send in page from
2022-01-16 18:40:48,686  INFO [main] carSavaari:14 - place is clicked in page to
2022-01-16 18:40:49,510  INFO [main] carSavaari:14 - place is send in page to
2022-01-16 18:40:50,404  INFO [main] carSavaari:14 - place is clicked in page to
2022-01-16 18:40:51,670  INFO [main] carSavaari:14 - selected is clicked in page select
2022-01-16 18:40:51,998  INFO [main] carSavaari:14 - Successfully verified
2022-01-16 18:40:53,224  INFO [main] carSavaari:14 - home page is clicked in page home page
2022-01-16 18:40:56,151  INFO [main] carSavaari:14 - airport is clicked in page airport
2022-01-16 18:40:57,557  INFO [main] carSavaari:14 - dropaddress is clicked in page address
2022-01-16 18:40:58,380  INFO [main] carSavaari:14 - dropaddress is send in page address
2022-01-16 18:40:59,849  INFO [main] carSavaari:14 - dropaddress is clicked in page address
2022-01-16 18:41:00,898  INFO [main] carSavaari:14 - selected is clicked in page select
2022-01-16 18:41:03,888  INFO [main] carSavaari:14 - select car is clicked in page select
2022-01-16 18:41:04,408  INFO [main] carSavaari:14 - booking detail shown 
2022-01-16 18:41:05,260  INFO [main] carSavaari:14 - home page is clicked in page home page
2022-01-16 18:41:08,493  INFO [main] carSavaari:14 - outstation is clicked is clicked in page outstation is clicked
2022-01-16 18:41:09,489  INFO [main] carSavaari:14 - round is clicked in page round
2022-01-16 18:41:10,538  INFO [main] carSavaari:14 - selected is clicked in page select
2022-01-16 18:41:13,388  INFO [main] carSavaari:14 - select car is clicked in page select
2022-01-16 18:41:13,968  INFO [main] carSavaari:14 - booking detail shown 
2022-01-16 18:41:14,693  INFO [main] carSavaari:14 - home page is clicked in page home page
2022-01-16 18:41:15,718  INFO [main] carSavaari:14 - local is clicked in page local
2022-01-16 18:41:16,709  INFO [main] carSavaari:14 - selected is clicked in page select
2022-01-16 18:41:19,628  INFO [main] carSavaari:14 - select car is clicked in page select
2022-01-16 18:41:20,266  INFO [main] carSavaari:14 - booking detail shown 
2022-01-16 18:41:21,441  INFO [main] carSavaari:14 - home page is clicked in page home page
2022-01-16 18:41:22,436  INFO [main] carSavaari:14 - car rental is clicked in page rental
2022-01-16 18:41:25,308  INFO [main] carSavaari:14 - name is clicked in page name
2022-01-16 18:41:26,440  INFO [main] carSavaari:14 - name is send in page name
2022-01-16 18:41:27,626  INFO [main] carSavaari:14 - company name is clicked in page compname
2022-01-16 18:41:28,674  INFO [main] carSavaari:14 - company name is send in page compname
2022-01-16 18:41:29,948  INFO [main] carSavaari:14 - email is clicked in page email
2022-01-16 18:41:31,031  INFO [main] carSavaari:14 - email is send in page email
2022-01-16 18:41:32,142  INFO [main] carSavaari:14 - phone no is clicked in page phoneno
2022-01-16 18:41:33,176  INFO [main] carSavaari:14 - phone no is send in page phoneno
2022-01-16 18:41:36,613  INFO [main] carSavaari:14 - submit is clicked in page submit
2022-01-16 18:41:40,737  INFO [main] carSavaari:14 - result detail shown 
2022-01-16 18:41:42,092  INFO [main] carSavaari:14 - home page is clicked in page home page
2022-01-16 18:41:42,855  INFO [main] carSavaari:14 - clickbutton is clicked in page clickbutton
2022-01-16 18:41:43,570  INFO [main] carSavaari:14 - done is clicked in page done
2022-01-16 18:41:44,508  INFO [main] carSavaari:14 - insta is clicked is clicked in page insta is clicked
