2022-01-15 11:43:01,772  INFO [main] carSavaari:14 - URL Opened
2022-01-15 11:43:03,296  INFO [main] carSavaari:14 - Page opend with title Book Outstation Cabs, Local & Airport Taxi Service - India's Leading Car Rentals
2022-01-15 11:43:04,670  INFO [main] carSavaari:14 - button is clicked in page button
2022-01-15 11:43:05,539  INFO [main] carSavaari:14 - name is clicked in page id
2022-01-15 11:43:06,270  INFO [main] carSavaari:14 - name is send in page id
2022-01-15 11:43:07,081  INFO [main] carSavaari:14 - pass is clicked in page pwd
2022-01-15 11:43:07,660  INFO [main] carSavaari:14 - pass is send in page pwd
2022-01-15 11:43:08,394  INFO [main] carSavaari:14 - click is clicked in page login
2022-01-15 11:43:09,091  INFO [main] carSavaari:14 - Successfully logged in
2022-01-15 11:43:10,096  INFO [main] carSavaari:14 - playstore is clicked in page playstore
2022-01-15 11:43:15,321  INFO [main] carSavaari:14 - playsrore detail shown 
2022-01-15 11:43:16,102  INFO [main] carSavaari:14 - home page is clicked in page home page
2022-01-15 11:43:17,170  INFO [main] carSavaari:14 - from place is clicked in page from
2022-01-15 11:43:17,959  INFO [main] carSavaari:14 - place is send in page from
2022-01-15 11:43:18,902  INFO [main] carSavaari:14 - place is clicked in page to
2022-01-15 11:43:19,798  INFO [main] carSavaari:14 - place is send in page to
2022-01-15 11:43:20,663  INFO [main] carSavaari:14 - place is clicked in page to
2022-01-15 11:43:21,737  INFO [main] carSavaari:14 - selected is clicked in page select
2022-01-15 11:43:22,025  INFO [main] carSavaari:14 - Successfully verified
2022-01-15 11:43:23,097  INFO [main] carSavaari:14 - home page is clicked in page home page
2022-01-15 11:43:25,960  INFO [main] carSavaari:14 - airport is clicked in page airport
2022-01-15 11:43:27,103  INFO [main] carSavaari:14 - dropaddress is clicked in page address
2022-01-15 11:43:27,844  INFO [main] carSavaari:14 - dropaddress is send in page address
2022-01-15 11:43:28,995  INFO [main] carSavaari:14 - dropaddress is clicked in page address
2022-01-15 11:43:29,981  INFO [main] carSavaari:14 - selected is clicked in page select
2022-01-15 11:43:32,864  INFO [main] carSavaari:14 - select car is clicked in page select
2022-01-15 11:43:33,491  INFO [main] carSavaari:14 - booking detail shown 
2022-01-15 11:43:34,268  INFO [main] carSavaari:14 - home page is clicked in page home page
2022-01-15 11:43:36,960 ERROR [main] carSavaari:21 - round is not able clicked in page round
