2022-01-16 11:07:03,869  INFO [main] carSavaari:14 - URL Opened
2022-01-16 11:07:05,979  INFO [main] carSavaari:14 - Page opend with title Book Outstation Cabs, Local & Airport Taxi Service - India's Leading Car Rentals
2022-01-16 11:07:07,217  INFO [main] carSavaari:14 - button is clicked in page button
2022-01-16 11:07:08,178  INFO [main] carSavaari:14 - name is clicked in page id
2022-01-16 11:07:08,913  INFO [main] carSavaari:14 - name is send in page id
2022-01-16 11:07:09,663  INFO [main] carSavaari:14 - pass is clicked in page pwd
2022-01-16 11:07:10,209  INFO [main] carSavaari:14 - pass is send in page pwd
2022-01-16 11:07:11,016  INFO [main] carSavaari:14 - click is clicked in page login
2022-01-16 11:07:11,723  INFO [main] carSavaari:14 - Successfully logged in
2022-01-16 11:07:12,748  INFO [main] carSavaari:14 - playstore is clicked in page playstore
2022-01-16 11:07:17,944  INFO [main] carSavaari:14 - playsrore detail shown 
2022-01-16 11:07:18,724  INFO [main] carSavaari:14 - home page is clicked in page home page
2022-01-16 11:07:19,796  INFO [main] carSavaari:14 - from place is clicked in page from
2022-01-16 11:07:20,545  INFO [main] carSavaari:14 - place is send in page from
2022-01-16 11:07:21,559  INFO [main] carSavaari:14 - place is clicked in page to
2022-01-16 11:07:22,423  INFO [main] carSavaari:14 - place is send in page to
2022-01-16 11:07:23,322  INFO [main] carSavaari:14 - place is clicked in page to
2022-01-16 11:07:24,775  INFO [main] carSavaari:14 - selected is clicked in page select
2022-01-16 11:07:25,150  INFO [main] carSavaari:14 - Successfully verified
2022-01-16 11:07:25,642  INFO [main] carSavaari:14 - home page is clicked in page home page
2022-01-16 11:07:28,088 ERROR [main] carSavaari:21 - airport is not able clicked in page airport
2022-01-16 11:07:30,465 ERROR [main] carSavaari:21 - outstation is clicked is not able clicked in page outstation is clicked
2022-01-16 11:07:30,872 ERROR [main] carSavaari:21 - local is not able clicked in page local
2022-01-16 11:07:31,198 ERROR [main] carSavaari:21 - car rental is not able clicked in page rental
2022-01-16 11:07:31,917  INFO [main] carSavaari:14 - clickbutton is clicked in page clickbutton
2022-01-16 11:07:33,076  INFO [main] carSavaari:14 - done is clicked in page done
2022-01-16 11:07:34,291  INFO [main] carSavaari:14 - insta is clicked is clicked in page insta is clicked
2022-01-16 11:07:39,828  INFO [main] carSavaari:14 - result detail shown 
