2022-01-16 10:57:00,520  INFO [main] carSavaari:14 - URL Opened
2022-01-16 10:57:01,834  INFO [main] carSavaari:14 - Page opend with title Book Outstation Cabs, Local & Airport Taxi Service - India's Leading Car Rentals
2022-01-16 10:57:03,026  INFO [main] carSavaari:14 - button is clicked in page button
2022-01-16 10:57:03,858  INFO [main] carSavaari:14 - name is clicked in page id
2022-01-16 10:57:04,804  INFO [main] carSavaari:14 - name is send in page id
2022-01-16 10:57:05,550  INFO [main] carSavaari:14 - pass is clicked in page pwd
2022-01-16 10:57:06,086  INFO [main] carSavaari:14 - pass is send in page pwd
2022-01-16 10:57:06,857  INFO [main] carSavaari:14 - click is clicked in page login
2022-01-16 10:57:07,588  INFO [main] carSavaari:14 - Successfully logged in
2022-01-16 10:57:08,713  INFO [main] carSavaari:14 - playstore is clicked in page playstore
2022-01-16 10:57:14,002  INFO [main] carSavaari:14 - playsrore detail shown 
2022-01-16 10:57:14,834  INFO [main] carSavaari:14 - home page is clicked in page home page
2022-01-16 10:57:15,952  INFO [main] carSavaari:14 - from place is clicked in page from
2022-01-16 10:57:16,715  INFO [main] carSavaari:14 - place is send in page from
2022-01-16 10:57:17,665  INFO [main] carSavaari:14 - place is clicked in page to
2022-01-16 10:57:18,674  INFO [main] carSavaari:14 - place is send in page to
2022-01-16 10:57:19,548  INFO [main] carSavaari:14 - place is clicked in page to
2022-01-16 10:57:20,766  INFO [main] carSavaari:14 - selected is clicked in page select
2022-01-16 10:57:21,049  INFO [main] carSavaari:14 - Successfully verified
2022-01-16 10:57:22,122  INFO [main] carSavaari:14 - home page is clicked in page home page
2022-01-16 10:57:25,052  INFO [main] carSavaari:14 - airport is clicked in page airport
2022-01-16 10:57:26,473  INFO [main] carSavaari:14 - dropaddress is clicked in page address
2022-01-16 10:57:27,343  INFO [main] carSavaari:14 - dropaddress is send in page address
2022-01-16 10:57:28,687  INFO [main] carSavaari:14 - dropaddress is clicked in page address
2022-01-16 10:57:29,947  INFO [main] carSavaari:14 - selected is clicked in page select
2022-01-16 10:57:33,109  INFO [main] carSavaari:14 - select car is clicked in page select
2022-01-16 10:57:33,629  INFO [main] carSavaari:14 - booking detail shown 
2022-01-16 10:57:34,410  INFO [main] carSavaari:14 - home page is clicked in page home page
2022-01-16 10:57:37,576  INFO [main] carSavaari:14 - outstation is clicked is clicked in page outstation is clicked
2022-01-16 10:57:38,650  INFO [main] carSavaari:14 - round is clicked in page round
2022-01-16 10:57:39,941  INFO [main] carSavaari:14 - selected is clicked in page select
2022-01-16 10:57:42,804  INFO [main] carSavaari:14 - select car is clicked in page select
2022-01-16 10:57:43,347  INFO [main] carSavaari:14 - booking detail shown 
2022-01-16 10:57:44,052  INFO [main] carSavaari:14 - home page is clicked in page home page
2022-01-16 10:57:45,045  INFO [main] carSavaari:14 - local is clicked in page local
2022-01-16 10:57:46,066  INFO [main] carSavaari:14 - selected is clicked in page select
2022-01-16 10:57:48,959  INFO [main] carSavaari:14 - select car is clicked in page select
2022-01-16 10:57:49,549  INFO [main] carSavaari:14 - booking detail shown 
2022-01-16 10:57:50,292  INFO [main] carSavaari:14 - home page is clicked in page home page
2022-01-16 10:57:51,346  INFO [main] carSavaari:14 - car rental is clicked in page rental
2022-01-16 10:57:54,168  INFO [main] carSavaari:14 - name is clicked in page name
2022-01-16 10:57:55,370  INFO [main] carSavaari:14 - name is send in page name
2022-01-16 10:57:56,721  INFO [main] carSavaari:14 - company name is clicked in page compname
2022-01-16 10:57:57,772  INFO [main] carSavaari:14 - company name is send in page compname
2022-01-16 10:57:59,295  INFO [main] carSavaari:14 - email is clicked in page email
2022-01-16 10:58:00,286  INFO [main] carSavaari:14 - email is send in page email
2022-01-16 10:58:01,479  INFO [main] carSavaari:14 - phone no is clicked in page phoneno
2022-01-16 10:58:02,816  INFO [main] carSavaari:14 - phone no is send in page phoneno
2022-01-16 10:58:06,355  INFO [main] carSavaari:14 - submit is clicked in page submit
2022-01-16 10:58:09,978  INFO [main] carSavaari:14 - clickbutton is clicked in page clickbutton
2022-01-16 10:58:11,983  INFO [main] carSavaari:14 - done is clicked in page done
2022-01-16 10:58:13,140  INFO [main] carSavaari:14 - insta is clicked is clicked in page insta is clicked
