2022-01-15 11:10:22,886  INFO [main] carSavaari:14 - URL Opened
2022-01-15 11:10:24,775  INFO [main] carSavaari:14 - Page opend with title Book Outstation Cabs, Local & Airport Taxi Service - India's Leading Car Rentals
2022-01-15 11:10:25,941  INFO [main] carSavaari:14 - button is clicked in page button
2022-01-15 11:10:26,737  INFO [main] carSavaari:14 - name is clicked in page id
2022-01-15 11:10:27,448  INFO [main] carSavaari:14 - name is send in page id
2022-01-15 11:10:28,190  INFO [main] carSavaari:14 - pass is clicked in page pwd
2022-01-15 11:10:28,968  INFO [main] carSavaari:14 - pass is send in page pwd
2022-01-15 11:10:29,731  INFO [main] carSavaari:14 - click is clicked in page login
2022-01-15 11:10:30,621  INFO [main] carSavaari:14 - Successfully logged in
2022-01-15 11:10:31,859  INFO [main] carSavaari:14 - playstore is clicked in page playstore
2022-01-15 11:10:38,166  INFO [main] carSavaari:14 - playsrore detail shown 
2022-01-15 11:10:39,057  INFO [main] carSavaari:14 - home page is clicked in page home page
2022-01-15 11:10:40,268  INFO [main] carSavaari:14 - from place is clicked in page from
2022-01-15 11:10:41,220  INFO [main] carSavaari:14 - place is send in page from
2022-01-15 11:10:42,268  INFO [main] carSavaari:14 - place is clicked in page to
2022-01-15 11:10:43,227  INFO [main] carSavaari:14 - place is send in page to
2022-01-15 11:10:44,215  INFO [main] carSavaari:14 - place is clicked in page to
2022-01-15 11:10:45,521  INFO [main] carSavaari:14 - selected is clicked in page select
2022-01-15 11:10:45,868  INFO [main] carSavaari:14 - Successfully verified
2022-01-15 11:10:47,046  INFO [main] carSavaari:14 - home page is clicked in page home page
2022-01-15 11:10:49,996  INFO [main] carSavaari:14 - airport is clicked in page airport
2022-01-15 11:10:51,433  INFO [main] carSavaari:14 - dropaddress is clicked in page address
2022-01-15 11:10:52,313  INFO [main] carSavaari:14 - dropaddress is send in page address
2022-01-15 11:10:53,152 ERROR [main] carSavaari:21 - dropaddress is not able clicked in page address
