2022-01-15 10:01:45,565  INFO [main] carSavaari:14 - URL Opened
2022-01-15 10:01:47,788  INFO [main] carSavaari:14 - Page opend with title Book Outstation Cabs, Local & Airport Taxi Service - India's Leading Car Rentals
2022-01-15 10:01:49,281  INFO [main] carSavaari:14 - button is clicked in page button
2022-01-15 10:01:50,239  INFO [main] carSavaari:14 - name is clicked in page id
2022-01-15 10:01:50,983  INFO [main] carSavaari:14 - name is send in page id
2022-01-15 10:01:51,733  INFO [main] carSavaari:14 - pass is clicked in page pwd
2022-01-15 10:01:52,500  INFO [main] carSavaari:14 - pass is send in page pwd
2022-01-15 10:01:53,341  INFO [main] carSavaari:14 - click is clicked in page login
2022-01-15 10:01:54,564  INFO [main] carSavaari:14 - from place is clicked in page from
2022-01-15 10:01:55,394  INFO [main] carSavaari:14 - place is send in page from
2022-01-15 10:01:56,278  INFO [main] carSavaari:14 - place is clicked in page to
2022-01-15 10:01:57,059  INFO [main] carSavaari:14 - place is send in page to
2022-01-15 10:01:57,623 ERROR [main] carSavaari:21 - place is not able clicked in page to
2022-01-15 10:02:00,650  INFO [main] carSavaari:14 - round is clicked in page round
2022-01-15 10:02:01,568  INFO [main] carSavaari:14 - selected is clicked in page select
2022-01-15 10:02:04,510  INFO [main] carSavaari:14 - select car is clicked in page select
2022-01-15 10:02:05,675  INFO [main] carSavaari:14 - local is clicked in page local
2022-01-15 10:02:06,626  INFO [main] carSavaari:14 - selected is clicked in page select
2022-01-15 10:02:21,349 ERROR [main] carSavaari:21 - time is not able clicked in page time
2022-01-15 10:02:46,229 ERROR [main] carSavaari:21 - airport is not able clicked in page airport
2022-01-15 10:03:10,757 ERROR [main] carSavaari:21 - playstore is not able clicked in page playstore
2022-01-15 10:03:35,127 ERROR [main] carSavaari:21 - car rental is not able clicked in page rental
